#
# There is insufficient memory for the Java Runtime Environment to continue.
# Native memory allocation (mmap) failed to map 310378496 bytes for G1 virtual space
# Possible reasons:
#   The system is out of physical RAM or swap space
#   The process is running with CompressedOops enabled, and the Java Heap may be blocking the growth of the native heap
# Possible solutions:
#   Reduce memory load on the system
#   Increase physical memory or swap space
#   Check if swap backing store is full
#   Decrease Java heap size (-Xmx/-Xms)
#   Decrease number of Java threads
#   Decrease Java thread stack sizes (-Xss)
#   Set larger code cache with -XX:ReservedCodeCacheSize=
#   JVM is running with Unscaled Compressed Oops mode in which the Java heap is
#     placed in the first 4GB address space. The Java Heap base address is the
#     maximum limit for the native heap growth. Please use -XX:HeapBaseMinAddress
#     to set the Java Heap base and to place the Java Heap above 4GB virtual address.
# This output file may be truncated or incomplete.
#
#  Out of Memory Error (os_windows.cpp:3613), pid=12076, tid=10636
#
# JRE version: OpenJDK Runtime Environment Temurin-17.0.9+9 (17.0.9+9) (build 17.0.9+9)
# Java VM: OpenJDK 64-Bit Server VM Temurin-17.0.9+9 (17.0.9+9, mixed mode, emulated-client, tiered, compressed oops, compressed class ptrs, g1 gc, windows-amd64)
# No core dump will be written. Minidumps are not enabled by default on client versions of Windows
#

---------------  S U M M A R Y ------------

Command Line: -Dcom.sun.management.jmxremote -Dcom.sun.management.jmxremote.port=56157 -Dcom.sun.management.jmxremote.authenticate=false -Dcom.sun.management.jmxremote.ssl=false -Djava.rmi.server.hostname=localhost -Dspring.jmx.enabled=true -Dmanagement.endpoints.jmx.exposure.include=* -Dspring.application.admin.enabled=true -XX:TieredStopAtLevel=1 -Dspring.boot.project.name=StudentManagement -Dfile.encoding=UTF-8 -Dstdout.encoding=UTF-8 -Dstderr.encoding=UTF-8 -XX:+ShowCodeDetailsInExceptionMessages com.student.StudentManagementApplication --spring.output.ansi.enabled=always

Host: Intel(R) Core(TM) i5-3230M CPU @ 2.60GHz, 4 cores, 3G,  Windows 10 , 64 bit Build 19041 (10.0.19041.3636)
Time: Fri Feb 16 20:42:38 2024 India Standard Time elapsed time: 3918.244368 seconds (0d 1h 5m 18s)

---------------  T H R E A D  ---------------

Current thread (0x000001e3764e10e0):  VMThread "VM Thread" [stack: 0x0000005548000000,0x0000005548100000] [id=10636]

Stack: [0x0000005548000000,0x0000005548100000]
Native frames: (J=compiled Java code, j=interpreted, Vv=VM code, C=native code)
V  [jvm.dll+0x67cf49]
V  [jvm.dll+0x83478a]
V  [jvm.dll+0x83624e]
V  [jvm.dll+0x8368b3]
V  [jvm.dll+0x247f1f]
V  [jvm.dll+0x679d69]
V  [jvm.dll+0x66e6ba]
V  [jvm.dll+0x307e5b]
V  [jvm.dll+0x30f306]
V  [jvm.dll+0x35f0ce]
V  [jvm.dll+0x35f2ff]
V  [jvm.dll+0x2dea58]
V  [jvm.dll+0x2dcc34]
V  [jvm.dll+0x2dc23c]
V  [jvm.dll+0x3202bb]
V  [jvm.dll+0x83adab]
V  [jvm.dll+0x83baf1]
V  [jvm.dll+0x83c00d]
V  [jvm.dll+0x83c3e4]
V  [jvm.dll+0x83c4b0]
V  [jvm.dll+0x7e3c3a]
V  [jvm.dll+0x67be35]
C  [ucrtbase.dll+0x21bb2]
C  [KERNEL32.DLL+0x17344]
C  [ntdll.dll+0x526b1]

VM_Operation (0x000000554f4fa010): G1CollectForAllocation, mode: safepoint, requested by thread 0x000001e37ce8fa80


---------------  P R O C E S S  ---------------

Threads class SMR info:
_java_thread_list=0x000001e37d2aca20, length=136, elements={
0x000001e3764e34a0, 0x000001e37651c020, 0x000001e3765055f0, 0x000001e376508290,
0x000001e376509300, 0x000001e37667a3d0, 0x000001e37667e1a0, 0x000001e37667f9f0,
0x000001e369712c00, 0x000001e376817010, 0x000001e37b32aeb0, 0x000001e37b321570,
0x000001e37b3c4470, 0x000001e37b3c51e0, 0x000001e37b424ac0, 0x000001e37b423b90,
0x000001e37b421d30, 0x000001e37b422750, 0x000001e37b421310, 0x000001e37b4240a0,
0x000001e37ce93c50, 0x000001e37ce92300, 0x000001e37ce93740, 0x000001e37ce94670,
0x000001e37d0067d0, 0x000001e37d17a580, 0x000001e37d17f680, 0x000001e37d180fd0,
0x000001e37d17dd30, 0x000001e37d17b9c0, 0x000001e37d17ec60, 0x000001e37d17f170,
0x000001e37d1cccb0, 0x000001e37d219da0, 0x000001e37d007700, 0x000001e37d005db0,
0x000001e37d0062c0, 0x000001e37d004e80, 0x000001e37d007c10, 0x000001e37d0071f0,
0x000001e37d002600, 0x000001e37d004460, 0x000001e37d009050, 0x000001e37d009560,
0x000001e37d008120, 0x000001e37d005390, 0x000001e37d008630, 0x000001e37d008b40,
0x000001e37d0020f0, 0x000001e37d009a70, 0x000001e37d002b10, 0x000001e37d003020,
0x000001e37d003530, 0x000001e37d003a40, 0x000001e37d003f50, 0x000001e37d004970,
0x000001e37d0058a0, 0x000001e37d1ca940, 0x000001e37d1cdbe0, 0x000001e37d1cf530,
0x000001e37d1cb870, 0x000001e37d1c9500, 0x000001e37d1d0460, 0x000001e37d1cf020,
0x000001e37d1ceb10, 0x000001e37d1ce0f0, 0x000001e37d1cc7a0, 0x000001e37d1ca430,
0x000001e37d1cd1c0, 0x000001e37d1cae50, 0x000001e37d1c9f20, 0x000001e37d1cb360,
0x000001e37d1cc290, 0x000001e37d1ce600, 0x000001e37d1cbd80, 0x000001e37d1cd6d0,
0x000001e37d1cfa40, 0x000001e37d1cff50, 0x000001e37d1d0970, 0x000001e37d1d0e80,
0x000001e37d1c9a10, 0x000001e37d21da60, 0x000001e37d21f3b0, 0x000001e37d21eea0,
0x000001e37d21bc00, 0x000001e37d219380, 0x000001e37d21b1e0, 0x000001e37d21df70,
0x000001e37d21d550, 0x000001e37d21acd0, 0x000001e37d219890, 0x000001e37d21b6f0,
0x000001e37d21e480, 0x000001e37d21cb30, 0x000001e37d21a2b0, 0x000001e37d21a7c0,
0x000001e37d21fdd0, 0x000001e37d21c110, 0x000001e37d21f8c0, 0x000001e37d2202e0,
0x000001e37d218e70, 0x000001e37d21e990, 0x000001e37d2207f0, 0x000001e37d21c620,
0x000001e37d21d040, 0x000001e37ce95090, 0x000001e37ce91df0, 0x000001e37ce94b80,
0x000001e37ce918e0, 0x000001e37ce94160, 0x000001e37ce8ff90, 0x000001e37ce964d0,
0x000001e37ce8fa80, 0x000001e37ce8f060, 0x000001e37ce92810, 0x000001e37ce909b0,
0x000001e37ce8f570, 0x000001e37ce90ec0, 0x000001e37ce904a0, 0x000001e37ce95ab0,
0x000001e37ce95fc0, 0x000001e37ce92d20, 0x000001e37ce913d0, 0x000001e37ce93230,
0x000001e37d17bed0, 0x000001e37d1814e0, 0x000001e37d17c8f0, 0x000001e37d17fb90,
0x000001e37d17ce00, 0x000001e37d1800a0, 0x000001e37d17a070, 0x000001e37d180ac0,
0x000001e37d17aa90, 0x000001e37d1805b0, 0x000001e37d1819f0, 0x000001e37d17afa0
}

Java Threads: ( => current thread )
  0x000001e3764e34a0 JavaThread "Reference Handler" daemon [_thread_blocked, id=224, stack(0x0000005548100000,0x0000005548200000)]
  0x000001e37651c020 JavaThread "Finalizer" daemon [_thread_blocked, id=4856, stack(0x0000005548200000,0x0000005548300000)]
  0x000001e3765055f0 JavaThread "Signal Dispatcher" daemon [_thread_blocked, id=9208, stack(0x0000005548300000,0x0000005548400000)]
  0x000001e376508290 JavaThread "Attach Listener" daemon [_thread_blocked, id=11016, stack(0x0000005548400000,0x0000005548500000)]
  0x000001e376509300 JavaThread "Service Thread" daemon [_thread_blocked, id=2288, stack(0x0000005548500000,0x0000005548600000)]
  0x000001e37667a3d0 JavaThread "Monitor Deflation Thread" daemon [_thread_blocked, id=3348, stack(0x0000005548600000,0x0000005548700000)]
  0x000001e37667e1a0 JavaThread "C1 CompilerThread0" daemon [_thread_blocked, id=5048, stack(0x0000005548700000,0x0000005548800000)]
  0x000001e37667f9f0 JavaThread "Sweeper thread" daemon [_thread_blocked, id=3528, stack(0x0000005548800000,0x0000005548900000)]
  0x000001e369712c00 JavaThread "Common-Cleaner" daemon [_thread_blocked, id=8224, stack(0x0000005548900000,0x0000005548a00000)]
  0x000001e376817010 JavaThread "Notification Thread" daemon [_thread_blocked, id=7148, stack(0x0000005548c00000,0x0000005548d00000)]
  0x000001e37b32aeb0 JavaThread "RMI TCP Accept-0" daemon [_thread_blocked, id=12048, stack(0x0000005548b00000,0x0000005548c00000)]
  0x000001e37b321570 JavaThread "RMI TCP Accept-56157" daemon [_thread_in_native, id=5616, stack(0x0000005548d00000,0x0000005548e00000)]
  0x000001e37b3c4470 JavaThread "RMI TCP Accept-0" daemon [_thread_in_native, id=10680, stack(0x0000005548e00000,0x0000005548f00000)]
  0x000001e37b3c51e0 JavaThread "RMI Scheduler(0)" daemon [_thread_blocked, id=5104, stack(0x0000005549100000,0x0000005549200000)]
  0x000001e37b424ac0 JavaThread "JMX server connection timeout 21" daemon [_thread_blocked, id=10904, stack(0x0000005549300000,0x0000005549400000)]
  0x000001e37b423b90 JavaThread "Catalina-utility-1" [_thread_blocked, id=8580, stack(0x0000005549b00000,0x0000005549c00000)]
  0x000001e37b421d30 JavaThread "Catalina-utility-2" [_thread_blocked, id=7864, stack(0x0000005549c00000,0x0000005549d00000)]
  0x000001e37b422750 JavaThread "container-0" [_thread_blocked, id=7220, stack(0x0000005549d00000,0x0000005549e00000)]
  0x000001e37b421310 JavaThread "mysql-cj-abandoned-connection-cleanup" daemon [_thread_blocked, id=11380, stack(0x0000005549e00000,0x0000005549f00000)]
  0x000001e37b4240a0 JavaThread "HikariPool-1 housekeeper" daemon [_thread_blocked, id=11868, stack(0x0000005549f00000,0x000000554a000000)]
  0x000001e37ce93c50 JavaThread "http-nio-8080-Poller" daemon [_thread_blocked, id=7060, stack(0x000000554ac00000,0x000000554ad00000)]
  0x000001e37ce92300 JavaThread "http-nio-8080-Acceptor" daemon [_thread_in_native, id=12092, stack(0x000000554ad00000,0x000000554ae00000)]
  0x000001e37ce93740 JavaThread "DestroyJavaVM" [_thread_blocked, id=4416, stack(0x0000005547a00000,0x0000005547b00000)]
  0x000001e37ce94670 JavaThread "RMI TCP Connection(idle)" daemon [_thread_blocked, id=10296, stack(0x0000005547700000,0x0000005547800000)]
  0x000001e37d0067d0 JavaThread "http-nio-8080-exec-30" daemon [_thread_blocked, id=5284, stack(0x000000554bb00000,0x000000554bc00000)]
  0x000001e37d17a580 JavaThread "http-nio-8080-exec-48" daemon [_thread_blocked, id=10632, stack(0x000000554cd00000,0x000000554ce00000)]
  0x000001e37d17f680 JavaThread "http-nio-8080-exec-49" daemon [_thread_blocked, id=5740, stack(0x000000554ce00000,0x000000554cf00000)]
  0x000001e37d180fd0 JavaThread "http-nio-8080-exec-54" daemon [_thread_blocked, id=3096, stack(0x000000554d300000,0x000000554d400000)]
  0x000001e37d17dd30 JavaThread "http-nio-8080-exec-60" daemon [_thread_blocked, id=9276, stack(0x000000554d900000,0x000000554da00000)]
  0x000001e37d17b9c0 JavaThread "http-nio-8080-exec-61" daemon [_thread_blocked, id=9956, stack(0x000000554da00000,0x000000554db00000)]
  0x000001e37d17ec60 JavaThread "http-nio-8080-exec-62" daemon [_thread_blocked, id=8564, stack(0x000000554db00000,0x000000554dc00000)]
  0x000001e37d17f170 JavaThread "http-nio-8080-exec-63" daemon [_thread_blocked, id=7980, stack(0x000000554dc00000,0x000000554dd00000)]
  0x000001e37d1cccb0 JavaThread "http-nio-8080-exec-75" daemon [_thread_blocked, id=11140, stack(0x000000554e800000,0x000000554e900000)]
  0x000001e37d219da0 JavaThread "http-nio-8080-exec-120" daemon [_thread_blocked, id=10732, stack(0x0000005551500000,0x0000005551600000)]
  0x000001e37d007700 JavaThread "http-nio-8080-exec-129" daemon [_thread_blocked, id=10960, stack(0x0000005547800000,0x0000005547900000)]
  0x000001e37d005db0 JavaThread "http-nio-8080-exec-130" daemon [_thread_blocked, id=9260, stack(0x0000005547900000,0x0000005547a00000)]
  0x000001e37d0062c0 JavaThread "http-nio-8080-exec-131" daemon [_thread_blocked, id=9412, stack(0x0000005549000000,0x0000005549100000)]
  0x000001e37d004e80 JavaThread "http-nio-8080-exec-132" daemon [_thread_blocked, id=6028, stack(0x0000005549200000,0x0000005549300000)]
  0x000001e37d007c10 JavaThread "http-nio-8080-exec-133" daemon [_thread_blocked, id=5300, stack(0x0000005549a00000,0x0000005549b00000)]
  0x000001e37d0071f0 JavaThread "http-nio-8080-exec-134" daemon [_thread_blocked, id=10396, stack(0x000000554a000000,0x000000554a100000)]
  0x000001e37d002600 JavaThread "http-nio-8080-exec-135" daemon [_thread_blocked, id=11404, stack(0x000000554a100000,0x000000554a200000)]
  0x000001e37d004460 JavaThread "http-nio-8080-exec-136" daemon [_thread_blocked, id=9284, stack(0x000000554a200000,0x000000554a300000)]
  0x000001e37d009050 JavaThread "http-nio-8080-exec-137" daemon [_thread_blocked, id=10764, stack(0x000000554a300000,0x000000554a400000)]
  0x000001e37d009560 JavaThread "http-nio-8080-exec-138" daemon [_thread_blocked, id=10132, stack(0x000000554a400000,0x000000554a500000)]
  0x000001e37d008120 JavaThread "http-nio-8080-exec-139" daemon [_thread_blocked, id=7672, stack(0x000000554a500000,0x000000554a600000)]
  0x000001e37d005390 JavaThread "http-nio-8080-exec-140" daemon [_thread_blocked, id=7676, stack(0x000000554a600000,0x000000554a700000)]
  0x000001e37d008630 JavaThread "http-nio-8080-exec-141" daemon [_thread_blocked, id=10040, stack(0x000000554a700000,0x000000554a800000)]
  0x000001e37d008b40 JavaThread "http-nio-8080-exec-142" daemon [_thread_blocked, id=10604, stack(0x000000554a800000,0x000000554a900000)]
  0x000001e37d0020f0 JavaThread "http-nio-8080-exec-143" daemon [_thread_blocked, id=10412, stack(0x000000554a900000,0x000000554aa00000)]
  0x000001e37d009a70 JavaThread "http-nio-8080-exec-144" daemon [_thread_blocked, id=4208, stack(0x000000554aa00000,0x000000554ab00000)]
  0x000001e37d002b10 JavaThread "http-nio-8080-exec-145" daemon [_thread_blocked, id=11036, stack(0x000000554ab00000,0x000000554ac00000)]
  0x000001e37d003020 JavaThread "http-nio-8080-exec-146" daemon [_thread_blocked, id=10972, stack(0x000000554ae00000,0x000000554af00000)]
  0x000001e37d003530 JavaThread "http-nio-8080-exec-147" daemon [_thread_blocked, id=11612, stack(0x000000554af00000,0x000000554b000000)]
  0x000001e37d003a40 JavaThread "http-nio-8080-exec-148" daemon [_thread_blocked, id=6648, stack(0x000000554b000000,0x000000554b100000)]
  0x000001e37d003f50 JavaThread "http-nio-8080-exec-149" daemon [_thread_blocked, id=11820, stack(0x000000554b100000,0x000000554b200000)]
  0x000001e37d004970 JavaThread "http-nio-8080-exec-150" daemon [_thread_blocked, id=11056, stack(0x000000554b200000,0x000000554b300000)]
  0x000001e37d0058a0 JavaThread "http-nio-8080-exec-151" daemon [_thread_blocked, id=8696, stack(0x000000554b300000,0x000000554b400000)]
  0x000001e37d1ca940 JavaThread "http-nio-8080-exec-152" daemon [_thread_blocked, id=11688, stack(0x000000554b400000,0x000000554b500000)]
  0x000001e37d1cdbe0 JavaThread "http-nio-8080-exec-153" daemon [_thread_blocked, id=6932, stack(0x000000554b500000,0x000000554b600000)]
  0x000001e37d1cf530 JavaThread "http-nio-8080-exec-154" daemon [_thread_blocked, id=6840, stack(0x000000554b600000,0x000000554b700000)]
  0x000001e37d1cb870 JavaThread "http-nio-8080-exec-155" daemon [_thread_blocked, id=3524, stack(0x000000554b700000,0x000000554b800000)]
  0x000001e37d1c9500 JavaThread "http-nio-8080-exec-156" daemon [_thread_blocked, id=9988, stack(0x000000554b800000,0x000000554b900000)]
  0x000001e37d1d0460 JavaThread "http-nio-8080-exec-157" daemon [_thread_blocked, id=12000, stack(0x000000554b900000,0x000000554ba00000)]
  0x000001e37d1cf020 JavaThread "http-nio-8080-exec-158" daemon [_thread_blocked, id=9708, stack(0x000000554ba00000,0x000000554bb00000)]
  0x000001e37d1ceb10 JavaThread "http-nio-8080-exec-159" daemon [_thread_blocked, id=1920, stack(0x000000554bc00000,0x000000554bd00000)]
  0x000001e37d1ce0f0 JavaThread "http-nio-8080-exec-160" daemon [_thread_blocked, id=7728, stack(0x000000554bd00000,0x000000554be00000)]
  0x000001e37d1cc7a0 JavaThread "http-nio-8080-exec-161" daemon [_thread_blocked, id=2612, stack(0x000000554be00000,0x000000554bf00000)]
  0x000001e37d1ca430 JavaThread "http-nio-8080-exec-162" daemon [_thread_blocked, id=2756, stack(0x000000554bf00000,0x000000554c000000)]
  0x000001e37d1cd1c0 JavaThread "http-nio-8080-exec-163" daemon [_thread_blocked, id=2644, stack(0x000000554c000000,0x000000554c100000)]
  0x000001e37d1cae50 JavaThread "http-nio-8080-exec-164" daemon [_thread_blocked, id=10788, stack(0x000000554c100000,0x000000554c200000)]
  0x000001e37d1c9f20 JavaThread "http-nio-8080-exec-165" daemon [_thread_blocked, id=9544, stack(0x000000554c200000,0x000000554c300000)]
  0x000001e37d1cb360 JavaThread "http-nio-8080-exec-166" daemon [_thread_blocked, id=3736, stack(0x000000554c300000,0x000000554c400000)]
  0x000001e37d1cc290 JavaThread "http-nio-8080-exec-167" daemon [_thread_blocked, id=11832, stack(0x000000554c400000,0x000000554c500000)]
  0x000001e37d1ce600 JavaThread "http-nio-8080-exec-168" daemon [_thread_blocked, id=12240, stack(0x000000554c500000,0x000000554c600000)]
  0x000001e37d1cbd80 JavaThread "http-nio-8080-exec-169" daemon [_thread_blocked, id=10844, stack(0x000000554c600000,0x000000554c700000)]
  0x000001e37d1cd6d0 JavaThread "http-nio-8080-exec-170" daemon [_thread_blocked, id=5952, stack(0x000000554c700000,0x000000554c800000)]
  0x000001e37d1cfa40 JavaThread "http-nio-8080-exec-171" daemon [_thread_blocked, id=11756, stack(0x000000554c800000,0x000000554c900000)]
  0x000001e37d1cff50 JavaThread "http-nio-8080-exec-172" daemon [_thread_blocked, id=11760, stack(0x000000554c900000,0x000000554ca00000)]
  0x000001e37d1d0970 JavaThread "http-nio-8080-exec-173" daemon [_thread_blocked, id=8876, stack(0x000000554ca00000,0x000000554cb00000)]
  0x000001e37d1d0e80 JavaThread "http-nio-8080-exec-174" daemon [_thread_blocked, id=2944, stack(0x000000554cb00000,0x000000554cc00000)]
  0x000001e37d1c9a10 JavaThread "http-nio-8080-exec-175" daemon [_thread_blocked, id=3828, stack(0x000000554cc00000,0x000000554cd00000)]
  0x000001e37d21da60 JavaThread "http-nio-8080-exec-176" daemon [_thread_blocked, id=11872, stack(0x000000554cf00000,0x000000554d000000)]
  0x000001e37d21f3b0 JavaThread "http-nio-8080-exec-177" daemon [_thread_blocked, id=10252, stack(0x000000554d000000,0x000000554d100000)]
  0x000001e37d21eea0 JavaThread "http-nio-8080-exec-178" daemon [_thread_blocked, id=552, stack(0x000000554d100000,0x000000554d200000)]
  0x000001e37d21bc00 JavaThread "http-nio-8080-exec-179" daemon [_thread_blocked, id=6540, stack(0x000000554d200000,0x000000554d300000)]
  0x000001e37d219380 JavaThread "http-nio-8080-exec-180" daemon [_thread_blocked, id=11544, stack(0x000000554d400000,0x000000554d500000)]
  0x000001e37d21b1e0 JavaThread "http-nio-8080-exec-181" daemon [_thread_blocked, id=11048, stack(0x000000554d500000,0x000000554d600000)]
  0x000001e37d21df70 JavaThread "http-nio-8080-exec-182" daemon [_thread_blocked, id=5128, stack(0x000000554d600000,0x000000554d700000)]
  0x000001e37d21d550 JavaThread "http-nio-8080-exec-183" daemon [_thread_blocked, id=4648, stack(0x000000554d700000,0x000000554d800000)]
  0x000001e37d21acd0 JavaThread "http-nio-8080-exec-184" daemon [_thread_blocked, id=3380, stack(0x000000554d800000,0x000000554d900000)]
  0x000001e37d219890 JavaThread "http-nio-8080-exec-185" daemon [_thread_blocked, id=11356, stack(0x000000554dd00000,0x000000554de00000)]
  0x000001e37d21b6f0 JavaThread "http-nio-8080-exec-186" daemon [_thread_blocked, id=9192, stack(0x000000554de00000,0x000000554df00000)]
  0x000001e37d21e480 JavaThread "http-nio-8080-exec-187" daemon [_thread_blocked, id=11568, stack(0x000000554df00000,0x000000554e000000)]
  0x000001e37d21cb30 JavaThread "http-nio-8080-exec-188" daemon [_thread_blocked, id=2740, stack(0x000000554e000000,0x000000554e100000)]
  0x000001e37d21a2b0 JavaThread "http-nio-8080-exec-189" daemon [_thread_blocked, id=9124, stack(0x000000554e100000,0x000000554e200000)]
  0x000001e37d21a7c0 JavaThread "http-nio-8080-exec-190" daemon [_thread_blocked, id=1680, stack(0x000000554e200000,0x000000554e300000)]
  0x000001e37d21fdd0 JavaThread "http-nio-8080-exec-191" daemon [_thread_blocked, id=3928, stack(0x000000554e300000,0x000000554e400000)]
  0x000001e37d21c110 JavaThread "http-nio-8080-exec-192" daemon [_thread_blocked, id=4280, stack(0x000000554e400000,0x000000554e500000)]
  0x000001e37d21f8c0 JavaThread "http-nio-8080-exec-193" daemon [_thread_blocked, id=1268, stack(0x000000554e500000,0x000000554e600000)]
  0x000001e37d2202e0 JavaThread "http-nio-8080-exec-194" daemon [_thread_blocked, id=12104, stack(0x000000554e600000,0x000000554e700000)]
  0x000001e37d218e70 JavaThread "http-nio-8080-exec-195" daemon [_thread_blocked, id=5840, stack(0x000000554e700000,0x000000554e800000)]
  0x000001e37d21e990 JavaThread "http-nio-8080-exec-196" daemon [_thread_blocked, id=5288, stack(0x000000554e900000,0x000000554ea00000)]
  0x000001e37d2207f0 JavaThread "http-nio-8080-exec-197" daemon [_thread_blocked, id=11804, stack(0x000000554ea00000,0x000000554eb00000)]
  0x000001e37d21c620 JavaThread "http-nio-8080-exec-198" daemon [_thread_blocked, id=8104, stack(0x000000554eb00000,0x000000554ec00000)]
  0x000001e37d21d040 JavaThread "http-nio-8080-exec-199" daemon [_thread_blocked, id=8848, stack(0x000000554ec00000,0x000000554ed00000)]
  0x000001e37ce95090 JavaThread "http-nio-8080-exec-200" daemon [_thread_blocked, id=10276, stack(0x000000554ed00000,0x000000554ee00000)]
  0x000001e37ce91df0 JavaThread "http-nio-8080-exec-201" daemon [_thread_blocked, id=9636, stack(0x000000554ee00000,0x000000554ef00000)]
  0x000001e37ce94b80 JavaThread "http-nio-8080-exec-202" daemon [_thread_blocked, id=1944, stack(0x000000554ef00000,0x000000554f000000)]
  0x000001e37ce918e0 JavaThread "http-nio-8080-exec-203" daemon [_thread_blocked, id=10792, stack(0x000000554f000000,0x000000554f100000)]
  0x000001e37ce94160 JavaThread "http-nio-8080-exec-204" daemon [_thread_blocked, id=12232, stack(0x000000554f100000,0x000000554f200000)]
  0x000001e37ce8ff90 JavaThread "http-nio-8080-exec-205" daemon [_thread_blocked, id=6680, stack(0x000000554f200000,0x000000554f300000)]
  0x000001e37ce964d0 JavaThread "http-nio-8080-exec-206" daemon [_thread_blocked, id=10552, stack(0x000000554f300000,0x000000554f400000)]
  0x000001e37ce8fa80 JavaThread "http-nio-8080-exec-207" daemon [_thread_blocked, id=11424, stack(0x000000554f400000,0x000000554f500000)]
  0x000001e37ce8f060 JavaThread "http-nio-8080-exec-208" daemon [_thread_blocked, id=9776, stack(0x000000554f500000,0x000000554f600000)]
  0x000001e37ce92810 JavaThread "http-nio-8080-exec-209" daemon [_thread_blocked, id=9232, stack(0x000000554f600000,0x000000554f700000)]
  0x000001e37ce909b0 JavaThread "http-nio-8080-exec-210" daemon [_thread_blocked, id=2512, stack(0x000000554f700000,0x000000554f800000)]
  0x000001e37ce8f570 JavaThread "http-nio-8080-exec-211" daemon [_thread_blocked, id=5340, stack(0x000000554f800000,0x000000554f900000)]
  0x000001e37ce90ec0 JavaThread "http-nio-8080-exec-212" daemon [_thread_blocked, id=9504, stack(0x000000554f900000,0x000000554fa00000)]
  0x000001e37ce904a0 JavaThread "http-nio-8080-exec-213" daemon [_thread_blocked, id=10284, stack(0x000000554fa00000,0x000000554fb00000)]
  0x000001e37ce95ab0 JavaThread "http-nio-8080-exec-214" daemon [_thread_blocked, id=3004, stack(0x000000554fb00000,0x000000554fc00000)]
  0x000001e37ce95fc0 JavaThread "http-nio-8080-exec-215" daemon [_thread_blocked, id=8496, stack(0x000000554fc00000,0x000000554fd00000)]
  0x000001e37ce92d20 JavaThread "http-nio-8080-exec-216" daemon [_thread_blocked, id=6732, stack(0x000000554fd00000,0x000000554fe00000)]
  0x000001e37ce913d0 JavaThread "http-nio-8080-exec-217" daemon [_thread_blocked, id=3248, stack(0x000000554fe00000,0x000000554ff00000)]
  0x000001e37ce93230 JavaThread "http-nio-8080-exec-218" daemon [_thread_blocked, id=9220, stack(0x000000554ff00000,0x0000005550000000)]
  0x000001e37d17bed0 JavaThread "http-nio-8080-exec-219" daemon [_thread_blocked, id=12204, stack(0x0000005550000000,0x0000005550100000)]
  0x000001e37d1814e0 JavaThread "http-nio-8080-exec-220" daemon [_thread_blocked, id=8472, stack(0x0000005550100000,0x0000005550200000)]
  0x000001e37d17c8f0 JavaThread "http-nio-8080-exec-221" daemon [_thread_blocked, id=11416, stack(0x0000005550200000,0x0000005550300000)]
  0x000001e37d17fb90 JavaThread "http-nio-8080-exec-222" daemon [_thread_blocked, id=2632, stack(0x0000005550300000,0x0000005550400000)]
  0x000001e37d17ce00 JavaThread "http-nio-8080-exec-223" daemon [_thread_blocked, id=7140, stack(0x0000005550400000,0x0000005550500000)]
  0x000001e37d1800a0 JavaThread "http-nio-8080-exec-224" daemon [_thread_blocked, id=1236, stack(0x0000005550500000,0x0000005550600000)]
  0x000001e37d17a070 JavaThread "http-nio-8080-exec-225" daemon [_thread_blocked, id=6032, stack(0x0000005550600000,0x0000005550700000)]
  0x000001e37d180ac0 JavaThread "http-nio-8080-exec-226" daemon [_thread_blocked, id=9320, stack(0x0000005550700000,0x0000005550800000)]
  0x000001e37d17aa90 JavaThread "http-nio-8080-exec-227" daemon [_thread_blocked, id=3704, stack(0x0000005550800000,0x0000005550900000)]
  0x000001e37d1805b0 JavaThread "http-nio-8080-exec-228" daemon [_thread_blocked, id=8584, stack(0x0000005550900000,0x0000005550a00000)]
  0x000001e37d1819f0 JavaThread "http-nio-8080-exec-229" daemon [_thread_blocked, id=5092, stack(0x0000005550a00000,0x0000005550b00000)]
  0x000001e37d17afa0 JavaThread "HikariPool-1 connection adder" daemon [_thread_blocked, id=12116, stack(0x0000005550b00000,0x0000005550c00000)]

Other Threads:
=>0x000001e3764e10e0 VMThread "VM Thread" [stack: 0x0000005548000000,0x0000005548100000] [id=10636]
  0x000001e37b321a50 WatcherThread [stack: 0x0000005548f00000,0x0000005549000000] [id=9004]
  0x000001e3696aba90 GCTaskThread "GC Thread#0" [stack: 0x0000005547b00000,0x0000005547c00000] [id=10364]
  0x000001e37b4461d0 GCTaskThread "GC Thread#1" [stack: 0x0000005549400000,0x0000005549500000] [id=1612]
  0x000001e37b43ea70 GCTaskThread "GC Thread#2" [stack: 0x0000005549500000,0x0000005549600000] [id=2668]
  0x000001e37b46c900 GCTaskThread "GC Thread#3" [stack: 0x0000005549600000,0x0000005549700000] [id=10832]
  0x000001e3696b45b0 ConcurrentGCThread "G1 Main Marker" [stack: 0x0000005547c00000,0x0000005547d00000] [id=10860]
  0x000001e3696b5680 ConcurrentGCThread "G1 Conc#0" [stack: 0x0000005547d00000,0x0000005547e00000] [id=11312]
  0x000001e369703520 ConcurrentGCThread "G1 Refine#0" [stack: 0x0000005547e00000,0x0000005547f00000] [id=11692]
  0x000001e37b46d7e0 ConcurrentGCThread "G1 Refine#1" [stack: 0x0000005549700000,0x0000005549800000] [id=6284]
  0x000001e376991510 ConcurrentGCThread "G1 Refine#2" [stack: 0x0000005549800000,0x0000005549900000] [id=2532]
  0x000001e37b294c70 ConcurrentGCThread "G1 Refine#3" [stack: 0x0000005549900000,0x0000005549a00000] [id=5572]
  0x000001e369703e60 ConcurrentGCThread "G1 Service" [stack: 0x0000005547f00000,0x0000005548000000] [id=9664]

Threads with active compile tasks:
C1 CompilerThread0  3952325 9759       1       java.util.concurrent.locks.ReentrantReadWriteLock$Sync::fullTryAcquireShared (247 bytes)

VM state: at safepoint (normal execution)

VM Mutex/Monitor currently owned by a thread:  ([mutex/lock_event])
[0x000001e369666bf0] Threads_lock - owner thread: 0x000001e3764e10e0
[0x000001e369668150] Heap_lock - owner thread: 0x000001e37ce8fa80

Heap address: 0x00000000c1a00000, size: 998 MB, Compressed Oops mode: 32-bit

CDS archive(s) not mapped
Compressed class space mapped at: 0x0000000100000000-0x0000000140000000, reserved size: 1073741824
Narrow klass base: 0x0000000000000000, Narrow klass shift: 3, Narrow klass range: 0x140000000

GC Precious Log:
 CPUs: 4 total, 4 available
 Memory: 3988M
 Large Page Support: Disabled
 NUMA Support: Disabled
 Compressed Oops: Enabled (32-bit)
 Heap Region Size: 1M
 Heap Min Capacity: 8M
 Heap Initial Capacity: 64M
 Heap Max Capacity: 998M
 Pre-touch: Disabled
 Parallel Workers: 4
 Concurrent Workers: 1
 Concurrent Refinement Workers: 4
 Periodic GC: Disabled

Heap:
 garbage-first heap   total 208896K, used 54361K [0x00000000c1a00000, 0x0000000100000000)
  region size 1024K, 1 young (1024K), 1 survivors (1024K)
 Metaspace       used 77363K, committed 78016K, reserved 1179648K
  class space    used 10499K, committed 10752K, reserved 1048576K

Heap Regions: E=young(eden), S=young(survivor), O=old, HS=humongous(starts), HC=humongous(continues), CS=collection set, F=free, OA=open archive, CA=closed archive, TAMS=top-at-mark-start (previous, next)
|   0|0x00000000c1a00000, 0x00000000c1b00000, 0x00000000c1b00000|100%|HS|  |TAMS 0x00000000c1b00000, 0x00000000c1a00000| Complete 
|   1|0x00000000c1b00000, 0x00000000c1c00000, 0x00000000c1c00000|100%| O|  |TAMS 0x00000000c1c00000, 0x00000000c1b00000| Untracked 
|   2|0x00000000c1c00000, 0x00000000c1d00000, 0x00000000c1d00000|100%| O|  |TAMS 0x00000000c1d00000, 0x00000000c1c00000| Untracked 
|   3|0x00000000c1d00000, 0x00000000c1e00000, 0x00000000c1e00000|100%| O|  |TAMS 0x00000000c1e00000, 0x00000000c1d00000| Untracked 
|   4|0x00000000c1e00000, 0x00000000c1f00000, 0x00000000c1f00000|100%| O|  |TAMS 0x00000000c1f00000, 0x00000000c1e00000| Untracked 
|   5|0x00000000c1f00000, 0x00000000c2000000, 0x00000000c2000000|100%| O|  |TAMS 0x00000000c2000000, 0x00000000c1f00000| Untracked 
|   6|0x00000000c2000000, 0x00000000c2100000, 0x00000000c2100000|100%| O|  |TAMS 0x00000000c2100000, 0x00000000c2000000| Untracked 
|   7|0x00000000c2100000, 0x00000000c2200000, 0x00000000c2200000|100%| O|  |TAMS 0x00000000c2200000, 0x00000000c2100000| Untracked 
|   8|0x00000000c2200000, 0x00000000c2300000, 0x00000000c2300000|100%| O|  |TAMS 0x00000000c2300000, 0x00000000c2200000| Untracked 
|   9|0x00000000c2300000, 0x00000000c2303600, 0x00000000c2400000|  1%| O|  |TAMS 0x00000000c2300000, 0x00000000c2300000| Untracked 
|  10|0x00000000c2400000, 0x00000000c2500000, 0x00000000c2500000|100%| O|  |TAMS 0x00000000c2500000, 0x00000000c2400000| Untracked 
|  11|0x00000000c2500000, 0x00000000c2600000, 0x00000000c2600000|100%| O|  |TAMS 0x00000000c2600000, 0x00000000c2500000| Untracked 
|  12|0x00000000c2600000, 0x00000000c2700000, 0x00000000c2700000|100%| O|  |TAMS 0x00000000c2700000, 0x00000000c2600000| Untracked 
|  13|0x00000000c2700000, 0x00000000c2800000, 0x00000000c2800000|100%| O|  |TAMS 0x00000000c2800000, 0x00000000c2700000| Untracked 
|  14|0x00000000c2800000, 0x00000000c2900000, 0x00000000c2900000|100%| O|  |TAMS 0x00000000c2900000, 0x00000000c2800000| Untracked 
|  15|0x00000000c2900000, 0x00000000c2a00000, 0x00000000c2a00000|100%| O|  |TAMS 0x00000000c2a00000, 0x00000000c2900000| Untracked 
|  16|0x00000000c2a00000, 0x00000000c2b00000, 0x00000000c2b00000|100%| O|  |TAMS 0x00000000c2b00000, 0x00000000c2a00000| Complete 
|  17|0x00000000c2b00000, 0x00000000c2c00000, 0x00000000c2c00000|100%| O|  |TAMS 0x00000000c2c00000, 0x00000000c2b00000| Untracked 
|  18|0x00000000c2c00000, 0x00000000c2d00000, 0x00000000c2d00000|100%| O|  |TAMS 0x00000000c2d00000, 0x00000000c2c00000| Untracked 
|  19|0x00000000c2d00000, 0x00000000c2e00000, 0x00000000c2e00000|100%| O|  |TAMS 0x00000000c2e00000, 0x00000000c2d00000| Untracked 
|  20|0x00000000c2e00000, 0x00000000c2f00000, 0x00000000c2f00000|100%| O|  |TAMS 0x00000000c2f00000, 0x00000000c2e00000| Untracked 
|  21|0x00000000c2f00000, 0x00000000c3000000, 0x00000000c3000000|100%| O|  |TAMS 0x00000000c3000000, 0x00000000c2f00000| Untracked 
|  22|0x00000000c3000000, 0x00000000c3100000, 0x00000000c3100000|100%| O|  |TAMS 0x00000000c3100000, 0x00000000c3000000| Untracked 
|  23|0x00000000c3100000, 0x00000000c3200000, 0x00000000c3200000|100%| O|  |TAMS 0x00000000c3200000, 0x00000000c3100000| Untracked 
|  24|0x00000000c3200000, 0x00000000c3300000, 0x00000000c3300000|100%| O|  |TAMS 0x00000000c3300000, 0x00000000c3200000| Untracked 
|  25|0x00000000c3300000, 0x00000000c3400000, 0x00000000c3400000|100%| O|  |TAMS 0x00000000c3400000, 0x00000000c3300000| Untracked 
|  26|0x00000000c3400000, 0x00000000c3500000, 0x00000000c3500000|100%| O|  |TAMS 0x00000000c3500000, 0x00000000c3400000| Complete 
|  27|0x00000000c3500000, 0x00000000c3594200, 0x00000000c3600000| 57%| O|  |TAMS 0x00000000c3500000, 0x00000000c3500000| Untracked 
|  28|0x00000000c3600000, 0x00000000c3700000, 0x00000000c3700000|100%| O|  |TAMS 0x00000000c3700000, 0x00000000c3600000| Untracked 
|  29|0x00000000c3700000, 0x00000000c3800000, 0x00000000c3800000|100%| O|  |TAMS 0x00000000c3800000, 0x00000000c3700000| Complete 
|  30|0x00000000c3800000, 0x00000000c3900000, 0x00000000c3900000|100%| O|  |TAMS 0x00000000c3900000, 0x00000000c3800000| Untracked 
|  31|0x00000000c3900000, 0x00000000c3a00000, 0x00000000c3a00000|100%| O|  |TAMS 0x00000000c3a00000, 0x00000000c3900000| Untracked 
|  32|0x00000000c3a00000, 0x00000000c3b00000, 0x00000000c3b00000|100%| O|  |TAMS 0x00000000c3b00000, 0x00000000c3a00000| Untracked 
|  33|0x00000000c3b00000, 0x00000000c3b00000, 0x00000000c3c00000|  0%| F|  |TAMS 0x00000000c3b00000, 0x00000000c3b00000| Untracked 
|  34|0x00000000c3c00000, 0x00000000c3c00000, 0x00000000c3d00000|  0%| F|  |TAMS 0x00000000c3c00000, 0x00000000c3c00000| Untracked 
|  35|0x00000000c3d00000, 0x00000000c3e00000, 0x00000000c3e00000|100%| O|  |TAMS 0x00000000c3e00000, 0x00000000c3d00000| Complete 
|  36|0x00000000c3e00000, 0x00000000c3f00000, 0x00000000c3f00000|100%| O|  |TAMS 0x00000000c3f00000, 0x00000000c3e00000| Complete 
|  37|0x00000000c3f00000, 0x00000000c4000000, 0x00000000c4000000|100%| O|  |TAMS 0x00000000c4000000, 0x00000000c3f00000| Untracked 
|  38|0x00000000c4000000, 0x00000000c4100000, 0x00000000c4100000|100%| O|  |TAMS 0x00000000c4100000, 0x00000000c4000000| Untracked 
|  39|0x00000000c4100000, 0x00000000c4100000, 0x00000000c4200000|  0%| F|  |TAMS 0x00000000c4100000, 0x00000000c4100000| Untracked 
|  40|0x00000000c4200000, 0x00000000c4200000, 0x00000000c4300000|  0%| F|  |TAMS 0x00000000c4200000, 0x00000000c4200000| Untracked 
|  41|0x00000000c4300000, 0x00000000c4400000, 0x00000000c4400000|100%| O|  |TAMS 0x00000000c4400000, 0x00000000c4300000| Untracked 
|  42|0x00000000c4400000, 0x00000000c4500000, 0x00000000c4500000|100%| O|  |TAMS 0x00000000c4500000, 0x00000000c4400000| Untracked 
|  43|0x00000000c4500000, 0x00000000c4600000, 0x00000000c4600000|100%| O|  |TAMS 0x00000000c4600000, 0x00000000c4500000| Untracked 
|  44|0x00000000c4600000, 0x00000000c4700000, 0x00000000c4700000|100%| O|  |TAMS 0x00000000c4700000, 0x00000000c4600000| Complete 
|  45|0x00000000c4700000, 0x00000000c4800000, 0x00000000c4800000|100%| O|  |TAMS 0x00000000c4800000, 0x00000000c4700000| Untracked 
|  46|0x00000000c4800000, 0x00000000c4900000, 0x00000000c4900000|100%| O|  |TAMS 0x00000000c4900000, 0x00000000c4800000| Untracked 
|  47|0x00000000c4900000, 0x00000000c4a00000, 0x00000000c4a00000|100%| O|  |TAMS 0x00000000c4a00000, 0x00000000c4900000| Complete 
|  48|0x00000000c4a00000, 0x00000000c4a00000, 0x00000000c4b00000|  0%| F|  |TAMS 0x00000000c4a00000, 0x00000000c4a00000| Untracked 
|  49|0x00000000c4b00000, 0x00000000c4c00000, 0x00000000c4c00000|100%| O|  |TAMS 0x00000000c4c00000, 0x00000000c4b00000| Complete 
|  50|0x00000000c4c00000, 0x00000000c4d00000, 0x00000000c4d00000|100%| O|  |TAMS 0x00000000c4d00000, 0x00000000c4c00000| Complete 
|  51|0x00000000c4d00000, 0x00000000c4d00000, 0x00000000c4e00000|  0%| F|  |TAMS 0x00000000c4d00000, 0x00000000c4d00000| Untracked 
|  52|0x00000000c4e00000, 0x00000000c4f00000, 0x00000000c4f00000|100%| O|  |TAMS 0x00000000c4ed2600, 0x00000000c4e00000| Untracked 
|  53|0x00000000c4f00000, 0x00000000c5000000, 0x00000000c5000000|100%| O|  |TAMS 0x00000000c5000000, 0x00000000c4f00000| Complete 
|  54|0x00000000c5000000, 0x00000000c5000000, 0x00000000c5100000|  0%| F|  |TAMS 0x00000000c5000000, 0x00000000c5000000| Untracked 
|  55|0x00000000c5100000, 0x00000000c5100000, 0x00000000c5200000|  0%| F|  |TAMS 0x00000000c5100000, 0x00000000c5100000| Untracked 
|  56|0x00000000c5200000, 0x00000000c5300000, 0x00000000c5300000|100%| O|  |TAMS 0x00000000c5300000, 0x00000000c5200000| Untracked 
|  57|0x00000000c5300000, 0x00000000c5400000, 0x00000000c5400000|100%| O|  |TAMS 0x00000000c5400000, 0x00000000c5300000| Untracked 
|  58|0x00000000c5400000, 0x00000000c5500000, 0x00000000c5500000|100%| O|  |TAMS 0x00000000c5500000, 0x00000000c5400000| Untracked 
|  59|0x00000000c5500000, 0x00000000c5600000, 0x00000000c5600000|100%| O|  |TAMS 0x00000000c5600000, 0x00000000c5500000| Untracked 
|  60|0x00000000c5600000, 0x00000000c5700000, 0x00000000c5700000|100%| O|  |TAMS 0x00000000c5700000, 0x00000000c5600000| Untracked 
|  61|0x00000000c5700000, 0x00000000c5800000, 0x00000000c5800000|100%| O|  |TAMS 0x00000000c5800000, 0x00000000c5700000| Untracked 
|  62|0x00000000c5800000, 0x00000000c5800000, 0x00000000c5900000|  0%| F|  |TAMS 0x00000000c5800000, 0x00000000c5800000| Untracked 
|  63|0x00000000c5900000, 0x00000000c5900000, 0x00000000c5a00000|  0%| F|  |TAMS 0x00000000c5900000, 0x00000000c5900000| Untracked 
|  64|0x00000000c5a00000, 0x00000000c5a00000, 0x00000000c5b00000|  0%| F|  |TAMS 0x00000000c5a00000, 0x00000000c5a00000| Untracked 
|  65|0x00000000c5b00000, 0x00000000c5b00000, 0x00000000c5c00000|  0%| F|  |TAMS 0x00000000c5b00000, 0x00000000c5b00000| Untracked 
|  66|0x00000000c5c00000, 0x00000000c5c00000, 0x00000000c5d00000|  0%| F|  |TAMS 0x00000000c5c00000, 0x00000000c5c00000| Untracked 
|  67|0x00000000c5d00000, 0x00000000c5d00000, 0x00000000c5e00000|  0%| F|  |TAMS 0x00000000c5d00000, 0x00000000c5d00000| Untracked 
|  68|0x00000000c5e00000, 0x00000000c5e00000, 0x00000000c5f00000|  0%| F|  |TAMS 0x00000000c5e00000, 0x00000000c5e00000| Untracked 
|  69|0x00000000c5f00000, 0x00000000c5f00000, 0x00000000c6000000|  0%| F|  |TAMS 0x00000000c5f00000, 0x00000000c5f00000| Untracked 
|  70|0x00000000c6000000, 0x00000000c6000000, 0x00000000c6100000|  0%| F|  |TAMS 0x00000000c6000000, 0x00000000c6000000| Untracked 
|  71|0x00000000c6100000, 0x00000000c6100000, 0x00000000c6200000|  0%| F|  |TAMS 0x00000000c6100000, 0x00000000c6100000| Untracked 
|  72|0x00000000c6200000, 0x00000000c6200000, 0x00000000c6300000|  0%| F|  |TAMS 0x00000000c6200000, 0x00000000c6200000| Untracked 
|  73|0x00000000c6300000, 0x00000000c6300000, 0x00000000c6400000|  0%| F|  |TAMS 0x00000000c6300000, 0x00000000c6300000| Untracked 
|  74|0x00000000c6400000, 0x00000000c6400000, 0x00000000c6500000|  0%| F|  |TAMS 0x00000000c6400000, 0x00000000c6400000| Untracked 
|  75|0x00000000c6500000, 0x00000000c6500000, 0x00000000c6600000|  0%| F|  |TAMS 0x00000000c6500000, 0x00000000c6500000| Untracked 
|  76|0x00000000c6600000, 0x00000000c6600000, 0x00000000c6700000|  0%| F|  |TAMS 0x00000000c6600000, 0x00000000c6600000| Untracked 
|  77|0x00000000c6700000, 0x00000000c6700000, 0x00000000c6800000|  0%| F|  |TAMS 0x00000000c6700000, 0x00000000c6700000| Untracked 
|  78|0x00000000c6800000, 0x00000000c6800000, 0x00000000c6900000|  0%| F|  |TAMS 0x00000000c6800000, 0x00000000c6800000| Untracked 
|  79|0x00000000c6900000, 0x00000000c6900000, 0x00000000c6a00000|  0%| F|  |TAMS 0x00000000c6900000, 0x00000000c6900000| Untracked 
|  80|0x00000000c6a00000, 0x00000000c6a00000, 0x00000000c6b00000|  0%| F|  |TAMS 0x00000000c6a00000, 0x00000000c6a00000| Untracked 
|  81|0x00000000c6b00000, 0x00000000c6b00000, 0x00000000c6c00000|  0%| F|  |TAMS 0x00000000c6b00000, 0x00000000c6b00000| Untracked 
|  82|0x00000000c6c00000, 0x00000000c6c00000, 0x00000000c6d00000|  0%| F|  |TAMS 0x00000000c6c00000, 0x00000000c6c00000| Untracked 
|  83|0x00000000c6d00000, 0x00000000c6d00000, 0x00000000c6e00000|  0%| F|  |TAMS 0x00000000c6d00000, 0x00000000c6d00000| Untracked 
|  84|0x00000000c6e00000, 0x00000000c6e00000, 0x00000000c6f00000|  0%| F|  |TAMS 0x00000000c6e00000, 0x00000000c6e00000| Untracked 
|  85|0x00000000c6f00000, 0x00000000c6f00000, 0x00000000c7000000|  0%| F|  |TAMS 0x00000000c6f00000, 0x00000000c6f00000| Untracked 
|  86|0x00000000c7000000, 0x00000000c7000000, 0x00000000c7100000|  0%| F|  |TAMS 0x00000000c7000000, 0x00000000c7000000| Untracked 
|  87|0x00000000c7100000, 0x00000000c7100000, 0x00000000c7200000|  0%| F|  |TAMS 0x00000000c7100000, 0x00000000c7100000| Untracked 
|  88|0x00000000c7200000, 0x00000000c7200000, 0x00000000c7300000|  0%| F|  |TAMS 0x00000000c7200000, 0x00000000c7200000| Untracked 
|  89|0x00000000c7300000, 0x00000000c7300000, 0x00000000c7400000|  0%| F|  |TAMS 0x00000000c7300000, 0x00000000c7300000| Untracked 
|  90|0x00000000c7400000, 0x00000000c7400000, 0x00000000c7500000|  0%| F|  |TAMS 0x00000000c7400000, 0x00000000c7400000| Untracked 
|  91|0x00000000c7500000, 0x00000000c7500000, 0x00000000c7600000|  0%| F|  |TAMS 0x00000000c7500000, 0x00000000c7500000| Untracked 
|  92|0x00000000c7600000, 0x00000000c7600000, 0x00000000c7700000|  0%| F|  |TAMS 0x00000000c7600000, 0x00000000c7600000| Untracked 
|  93|0x00000000c7700000, 0x00000000c7700000, 0x00000000c7800000|  0%| F|  |TAMS 0x00000000c7700000, 0x00000000c7700000| Untracked 
|  94|0x00000000c7800000, 0x00000000c7800000, 0x00000000c7900000|  0%| F|  |TAMS 0x00000000c7800000, 0x00000000c7800000| Untracked 
|  95|0x00000000c7900000, 0x00000000c7900000, 0x00000000c7a00000|  0%| F|  |TAMS 0x00000000c7900000, 0x00000000c7900000| Untracked 
|  96|0x00000000c7a00000, 0x00000000c7a00000, 0x00000000c7b00000|  0%| F|  |TAMS 0x00000000c7a00000, 0x00000000c7a00000| Untracked 
|  97|0x00000000c7b00000, 0x00000000c7b00000, 0x00000000c7c00000|  0%| F|  |TAMS 0x00000000c7b00000, 0x00000000c7b00000| Untracked 
|  98|0x00000000c7c00000, 0x00000000c7c00000, 0x00000000c7d00000|  0%| F|  |TAMS 0x00000000c7c00000, 0x00000000c7c00000| Untracked 
|  99|0x00000000c7d00000, 0x00000000c7d00000, 0x00000000c7e00000|  0%| F|  |TAMS 0x00000000c7d00000, 0x00000000c7d00000| Untracked 
| 100|0x00000000c7e00000, 0x00000000c7e00000, 0x00000000c7f00000|  0%| F|  |TAMS 0x00000000c7e00000, 0x00000000c7e00000| Untracked 
| 101|0x00000000c7f00000, 0x00000000c7f00000, 0x00000000c8000000|  0%| F|  |TAMS 0x00000000c7f00000, 0x00000000c7f00000| Untracked 
| 102|0x00000000c8000000, 0x00000000c8000000, 0x00000000c8100000|  0%| F|  |TAMS 0x00000000c8000000, 0x00000000c8000000| Untracked 
| 103|0x00000000c8100000, 0x00000000c8100000, 0x00000000c8200000|  0%| F|  |TAMS 0x00000000c8100000, 0x00000000c8100000| Untracked 
| 104|0x00000000c8200000, 0x00000000c8200000, 0x00000000c8300000|  0%| F|  |TAMS 0x00000000c8200000, 0x00000000c8200000| Untracked 
| 105|0x00000000c8300000, 0x00000000c8300000, 0x00000000c8400000|  0%| F|  |TAMS 0x00000000c8300000, 0x00000000c8300000| Untracked 
| 106|0x00000000c8400000, 0x00000000c8400000, 0x00000000c8500000|  0%| F|  |TAMS 0x00000000c8400000, 0x00000000c8400000| Untracked 
| 107|0x00000000c8500000, 0x00000000c8500000, 0x00000000c8600000|  0%| F|  |TAMS 0x00000000c8500000, 0x00000000c8500000| Untracked 
| 108|0x00000000c8600000, 0x00000000c8600000, 0x00000000c8700000|  0%| F|  |TAMS 0x00000000c8600000, 0x00000000c8600000| Untracked 
| 109|0x00000000c8700000, 0x00000000c8700000, 0x00000000c8800000|  0%| F|  |TAMS 0x00000000c8700000, 0x00000000c8700000| Untracked 
| 110|0x00000000c8800000, 0x00000000c8800000, 0x00000000c8900000|  0%| F|  |TAMS 0x00000000c8800000, 0x00000000c8800000| Untracked 
| 111|0x00000000c8900000, 0x00000000c8900000, 0x00000000c8a00000|  0%| F|  |TAMS 0x00000000c8900000, 0x00000000c8900000| Untracked 
| 112|0x00000000c8a00000, 0x00000000c8a00000, 0x00000000c8b00000|  0%| F|  |TAMS 0x00000000c8a00000, 0x00000000c8a00000| Untracked 
| 113|0x00000000c8b00000, 0x00000000c8b00000, 0x00000000c8c00000|  0%| F|  |TAMS 0x00000000c8b00000, 0x00000000c8b00000| Untracked 
| 114|0x00000000c8c00000, 0x00000000c8c00000, 0x00000000c8d00000|  0%| F|  |TAMS 0x00000000c8c00000, 0x00000000c8c00000| Untracked 
| 115|0x00000000c8d00000, 0x00000000c8d00000, 0x00000000c8e00000|  0%| F|  |TAMS 0x00000000c8d00000, 0x00000000c8d00000| Untracked 
| 116|0x00000000c8e00000, 0x00000000c8e00000, 0x00000000c8f00000|  0%| F|  |TAMS 0x00000000c8e00000, 0x00000000c8e00000| Untracked 
| 117|0x00000000c8f00000, 0x00000000c8f00000, 0x00000000c9000000|  0%| F|  |TAMS 0x00000000c8f00000, 0x00000000c8f00000| Untracked 
| 118|0x00000000c9000000, 0x00000000c9000000, 0x00000000c9100000|  0%| F|  |TAMS 0x00000000c9000000, 0x00000000c9000000| Untracked 
| 119|0x00000000c9100000, 0x00000000c9100000, 0x00000000c9200000|  0%| F|  |TAMS 0x00000000c9100000, 0x00000000c9100000| Untracked 
| 120|0x00000000c9200000, 0x00000000c9200000, 0x00000000c9300000|  0%| F|  |TAMS 0x00000000c9200000, 0x00000000c9200000| Untracked 
| 121|0x00000000c9300000, 0x00000000c9300000, 0x00000000c9400000|  0%| F|  |TAMS 0x00000000c9300000, 0x00000000c9300000| Untracked 
| 122|0x00000000c9400000, 0x00000000c9400000, 0x00000000c9500000|  0%| F|  |TAMS 0x00000000c9400000, 0x00000000c9400000| Untracked 
| 123|0x00000000c9500000, 0x00000000c9500000, 0x00000000c9600000|  0%| F|  |TAMS 0x00000000c9500000, 0x00000000c9500000| Untracked 
| 124|0x00000000c9600000, 0x00000000c9600000, 0x00000000c9700000|  0%| F|  |TAMS 0x00000000c9600000, 0x00000000c9600000| Untracked 
| 125|0x00000000c9700000, 0x00000000c9700000, 0x00000000c9800000|  0%| F|  |TAMS 0x00000000c9700000, 0x00000000c9700000| Untracked 
| 126|0x00000000c9800000, 0x00000000c9800000, 0x00000000c9900000|  0%| F|  |TAMS 0x00000000c9800000, 0x00000000c9800000| Untracked 
| 127|0x00000000c9900000, 0x00000000c9900000, 0x00000000c9a00000|  0%| F|  |TAMS 0x00000000c9900000, 0x00000000c9900000| Untracked 
| 128|0x00000000c9a00000, 0x00000000c9a00000, 0x00000000c9b00000|  0%| F|  |TAMS 0x00000000c9a00000, 0x00000000c9a00000| Untracked 
| 129|0x00000000c9b00000, 0x00000000c9b00000, 0x00000000c9c00000|  0%| F|  |TAMS 0x00000000c9b00000, 0x00000000c9b00000| Untracked 
| 130|0x00000000c9c00000, 0x00000000c9c00000, 0x00000000c9d00000|  0%| F|  |TAMS 0x00000000c9c00000, 0x00000000c9c00000| Untracked 
| 131|0x00000000c9d00000, 0x00000000c9d00000, 0x00000000c9e00000|  0%| F|  |TAMS 0x00000000c9d00000, 0x00000000c9d00000| Untracked 
| 132|0x00000000c9e00000, 0x00000000c9e00000, 0x00000000c9f00000|  0%| F|  |TAMS 0x00000000c9e00000, 0x00000000c9e00000| Untracked 
| 133|0x00000000c9f00000, 0x00000000c9f00000, 0x00000000ca000000|  0%| F|  |TAMS 0x00000000c9f00000, 0x00000000c9f00000| Untracked 
| 134|0x00000000ca000000, 0x00000000ca000000, 0x00000000ca100000|  0%| F|  |TAMS 0x00000000ca000000, 0x00000000ca000000| Untracked 
| 135|0x00000000ca100000, 0x00000000ca100000, 0x00000000ca200000|  0%| F|  |TAMS 0x00000000ca100000, 0x00000000ca100000| Untracked 
| 136|0x00000000ca200000, 0x00000000ca200000, 0x00000000ca300000|  0%| F|  |TAMS 0x00000000ca200000, 0x00000000ca200000| Untracked 
| 137|0x00000000ca300000, 0x00000000ca300000, 0x00000000ca400000|  0%| F|  |TAMS 0x00000000ca300000, 0x00000000ca300000| Untracked 
| 138|0x00000000ca400000, 0x00000000ca400000, 0x00000000ca500000|  0%| F|  |TAMS 0x00000000ca400000, 0x00000000ca400000| Untracked 
| 139|0x00000000ca500000, 0x00000000ca500000, 0x00000000ca600000|  0%| F|  |TAMS 0x00000000ca500000, 0x00000000ca500000| Untracked 
| 140|0x00000000ca600000, 0x00000000ca600000, 0x00000000ca700000|  0%| F|  |TAMS 0x00000000ca600000, 0x00000000ca600000| Untracked 
| 141|0x00000000ca700000, 0x00000000ca700000, 0x00000000ca800000|  0%| F|  |TAMS 0x00000000ca700000, 0x00000000ca700000| Untracked 
| 142|0x00000000ca800000, 0x00000000ca800000, 0x00000000ca900000|  0%| F|  |TAMS 0x00000000ca800000, 0x00000000ca800000| Untracked 
| 143|0x00000000ca900000, 0x00000000ca900000, 0x00000000caa00000|  0%| F|  |TAMS 0x00000000ca900000, 0x00000000ca900000| Untracked 
| 144|0x00000000caa00000, 0x00000000caa00000, 0x00000000cab00000|  0%| F|  |TAMS 0x00000000caa00000, 0x00000000caa00000| Untracked 
| 145|0x00000000cab00000, 0x00000000cab00000, 0x00000000cac00000|  0%| F|  |TAMS 0x00000000cab00000, 0x00000000cab00000| Untracked 
| 146|0x00000000cac00000, 0x00000000cac00000, 0x00000000cad00000|  0%| F|  |TAMS 0x00000000cac00000, 0x00000000cac00000| Untracked 
| 147|0x00000000cad00000, 0x00000000cad00000, 0x00000000cae00000|  0%| F|  |TAMS 0x00000000cad00000, 0x00000000cad00000| Untracked 
| 148|0x00000000cae00000, 0x00000000cae00000, 0x00000000caf00000|  0%| F|  |TAMS 0x00000000cae00000, 0x00000000cae00000| Untracked 
| 149|0x00000000caf00000, 0x00000000caf00000, 0x00000000cb000000|  0%| F|  |TAMS 0x00000000caf00000, 0x00000000caf00000| Untracked 
| 150|0x00000000cb000000, 0x00000000cb000000, 0x00000000cb100000|  0%| F|  |TAMS 0x00000000cb000000, 0x00000000cb000000| Untracked 
| 151|0x00000000cb100000, 0x00000000cb100000, 0x00000000cb200000|  0%| F|  |TAMS 0x00000000cb100000, 0x00000000cb100000| Untracked 
| 152|0x00000000cb200000, 0x00000000cb200000, 0x00000000cb300000|  0%| F|  |TAMS 0x00000000cb200000, 0x00000000cb200000| Untracked 
| 153|0x00000000cb300000, 0x00000000cb300000, 0x00000000cb400000|  0%| F|  |TAMS 0x00000000cb300000, 0x00000000cb300000| Untracked 
| 154|0x00000000cb400000, 0x00000000cb400000, 0x00000000cb500000|  0%| F|  |TAMS 0x00000000cb400000, 0x00000000cb400000| Untracked 
| 155|0x00000000cb500000, 0x00000000cb500000, 0x00000000cb600000|  0%| F|  |TAMS 0x00000000cb500000, 0x00000000cb500000| Untracked 
| 156|0x00000000cb600000, 0x00000000cb600000, 0x00000000cb700000|  0%| F|  |TAMS 0x00000000cb600000, 0x00000000cb600000| Untracked 
| 157|0x00000000cb700000, 0x00000000cb700000, 0x00000000cb800000|  0%| F|  |TAMS 0x00000000cb700000, 0x00000000cb700000| Untracked 
| 158|0x00000000cb800000, 0x00000000cb800000, 0x00000000cb900000|  0%| F|  |TAMS 0x00000000cb800000, 0x00000000cb800000| Untracked 
| 159|0x00000000cb900000, 0x00000000cb900000, 0x00000000cba00000|  0%| F|  |TAMS 0x00000000cb900000, 0x00000000cb900000| Untracked 
| 160|0x00000000cba00000, 0x00000000cba00000, 0x00000000cbb00000|  0%| F|  |TAMS 0x00000000cba00000, 0x00000000cba00000| Untracked 
| 161|0x00000000cbb00000, 0x00000000cbb00000, 0x00000000cbc00000|  0%| F|  |TAMS 0x00000000cbb00000, 0x00000000cbb00000| Untracked 
| 162|0x00000000cbc00000, 0x00000000cbc00000, 0x00000000cbd00000|  0%| F|  |TAMS 0x00000000cbc00000, 0x00000000cbc00000| Untracked 
| 163|0x00000000cbd00000, 0x00000000cbd00000, 0x00000000cbe00000|  0%| F|  |TAMS 0x00000000cbd00000, 0x00000000cbd00000| Untracked 
| 164|0x00000000cbe00000, 0x00000000cbe00000, 0x00000000cbf00000|  0%| F|  |TAMS 0x00000000cbe00000, 0x00000000cbe00000| Untracked 
| 165|0x00000000cbf00000, 0x00000000cbf00000, 0x00000000cc000000|  0%| F|  |TAMS 0x00000000cbf00000, 0x00000000cbf00000| Untracked 
| 166|0x00000000cc000000, 0x00000000cc000000, 0x00000000cc100000|  0%| F|  |TAMS 0x00000000cc000000, 0x00000000cc000000| Untracked 
| 167|0x00000000cc100000, 0x00000000cc100000, 0x00000000cc200000|  0%| F|  |TAMS 0x00000000cc100000, 0x00000000cc100000| Untracked 
| 168|0x00000000cc200000, 0x00000000cc200000, 0x00000000cc300000|  0%| F|  |TAMS 0x00000000cc200000, 0x00000000cc200000| Untracked 
| 169|0x00000000cc300000, 0x00000000cc300000, 0x00000000cc400000|  0%| F|  |TAMS 0x00000000cc300000, 0x00000000cc300000| Untracked 
| 170|0x00000000cc400000, 0x00000000cc400000, 0x00000000cc500000|  0%| F|  |TAMS 0x00000000cc400000, 0x00000000cc400000| Untracked 
| 171|0x00000000cc500000, 0x00000000cc500000, 0x00000000cc600000|  0%| F|  |TAMS 0x00000000cc500000, 0x00000000cc500000| Untracked 
| 172|0x00000000cc600000, 0x00000000cc600000, 0x00000000cc700000|  0%| F|  |TAMS 0x00000000cc600000, 0x00000000cc600000| Untracked 
| 173|0x00000000cc700000, 0x00000000cc700000, 0x00000000cc800000|  0%| F|  |TAMS 0x00000000cc700000, 0x00000000cc700000| Untracked 
| 174|0x00000000cc800000, 0x00000000cc800000, 0x00000000cc900000|  0%| F|  |TAMS 0x00000000cc800000, 0x00000000cc800000| Untracked 
| 175|0x00000000cc900000, 0x00000000cc900000, 0x00000000cca00000|  0%| F|  |TAMS 0x00000000cc900000, 0x00000000cc900000| Untracked 
| 176|0x00000000cca00000, 0x00000000cca00000, 0x00000000ccb00000|  0%| F|  |TAMS 0x00000000cca00000, 0x00000000cca00000| Untracked 
| 177|0x00000000ccb00000, 0x00000000ccb00000, 0x00000000ccc00000|  0%| F|  |TAMS 0x00000000ccb00000, 0x00000000ccb00000| Untracked 
| 178|0x00000000ccc00000, 0x00000000ccc00000, 0x00000000ccd00000|  0%| F|  |TAMS 0x00000000ccc00000, 0x00000000ccc00000| Untracked 
| 179|0x00000000ccd00000, 0x00000000ccd00000, 0x00000000cce00000|  0%| F|  |TAMS 0x00000000ccd00000, 0x00000000ccd00000| Untracked 
| 180|0x00000000cce00000, 0x00000000cce00000, 0x00000000ccf00000|  0%| F|  |TAMS 0x00000000cce00000, 0x00000000cce00000| Untracked 
| 181|0x00000000ccf00000, 0x00000000ccf00000, 0x00000000cd000000|  0%| F|  |TAMS 0x00000000ccf00000, 0x00000000ccf00000| Untracked 
| 182|0x00000000cd000000, 0x00000000cd000000, 0x00000000cd100000|  0%| F|  |TAMS 0x00000000cd000000, 0x00000000cd000000| Untracked 
| 183|0x00000000cd100000, 0x00000000cd100000, 0x00000000cd200000|  0%| F|  |TAMS 0x00000000cd100000, 0x00000000cd100000| Untracked 
| 184|0x00000000cd200000, 0x00000000cd200000, 0x00000000cd300000|  0%| F|  |TAMS 0x00000000cd200000, 0x00000000cd200000| Untracked 
| 185|0x00000000cd300000, 0x00000000cd300000, 0x00000000cd400000|  0%| F|  |TAMS 0x00000000cd300000, 0x00000000cd300000| Untracked 
| 186|0x00000000cd400000, 0x00000000cd400000, 0x00000000cd500000|  0%| F|  |TAMS 0x00000000cd400000, 0x00000000cd400000| Untracked 
| 187|0x00000000cd500000, 0x00000000cd500000, 0x00000000cd600000|  0%| F|  |TAMS 0x00000000cd500000, 0x00000000cd500000| Untracked 
| 188|0x00000000cd600000, 0x00000000cd600000, 0x00000000cd700000|  0%| F|  |TAMS 0x00000000cd600000, 0x00000000cd600000| Untracked 
| 189|0x00000000cd700000, 0x00000000cd700000, 0x00000000cd800000|  0%| F|  |TAMS 0x00000000cd700000, 0x00000000cd700000| Untracked 
| 190|0x00000000cd800000, 0x00000000cd800000, 0x00000000cd900000|  0%| F|  |TAMS 0x00000000cd800000, 0x00000000cd800000| Untracked 
| 191|0x00000000cd900000, 0x00000000cd900000, 0x00000000cda00000|  0%| F|  |TAMS 0x00000000cd900000, 0x00000000cd900000| Untracked 
| 192|0x00000000cda00000, 0x00000000cda00000, 0x00000000cdb00000|  0%| F|  |TAMS 0x00000000cda00000, 0x00000000cda00000| Untracked 
| 193|0x00000000cdb00000, 0x00000000cdb7efc0, 0x00000000cdc00000| 49%| S|CS|TAMS 0x00000000cdb00000, 0x00000000cdb00000| Complete 
| 194|0x00000000cdc00000, 0x00000000cdc00000, 0x00000000cdd00000|  0%| F|  |TAMS 0x00000000cdc00000, 0x00000000cdc00000| Untracked 
| 195|0x00000000cdd00000, 0x00000000cdd00000, 0x00000000cde00000|  0%| F|  |TAMS 0x00000000cdd00000, 0x00000000cdd00000| Untracked 
| 196|0x00000000cde00000, 0x00000000cde00000, 0x00000000cdf00000|  0%| F|  |TAMS 0x00000000cde00000, 0x00000000cde00000| Untracked 
| 197|0x00000000cdf00000, 0x00000000cdf00000, 0x00000000ce000000|  0%| F|  |TAMS 0x00000000cdf00000, 0x00000000cdf00000| Untracked 
| 198|0x00000000ce000000, 0x00000000ce000000, 0x00000000ce100000|  0%| F|  |TAMS 0x00000000ce000000, 0x00000000ce000000| Untracked 
| 199|0x00000000ce100000, 0x00000000ce100000, 0x00000000ce200000|  0%| F|  |TAMS 0x00000000ce100000, 0x00000000ce100000| Untracked 
| 496|0x00000000e0a00000, 0x00000000e0a00000, 0x00000000e0b00000|  0%| F|  |TAMS 0x00000000e0a00000, 0x00000000e0a00000| Untracked 
| 497|0x00000000e0b00000, 0x00000000e0b00000, 0x00000000e0c00000|  0%| F|  |TAMS 0x00000000e0b00000, 0x00000000e0b00000| Untracked 
| 498|0x00000000e0c00000, 0x00000000e0c00000, 0x00000000e0d00000|  0%| F|  |TAMS 0x00000000e0c00000, 0x00000000e0c00000| Untracked 
| 499|0x00000000e0d00000, 0x00000000e0d00000, 0x00000000e0e00000|  0%| F|  |TAMS 0x00000000e0d00000, 0x00000000e0d00000| Untracked 

Card table byte_map: [0x000001e371bb0000,0x000001e371db0000] _byte_map_base: 0x000001e3715a3000

Marking Bits (Prev, Next): (CMBitMap*) 0x000001e3696ac000, (CMBitMap*) 0x000001e3696abfc0
 Prev Bits: [0x000001e372f50000, 0x000001e373ee8000)
 Next Bits: [0x000001e371fb0000, 0x000001e372f48000)

Polling page: 0x000001e369720000

Metaspace:

Usage:
  Non-class:     65.30 MB used.
      Class:     10.25 MB used.
       Both:     75.55 MB used.

Virtual space:
  Non-class space:      128.00 MB reserved,      65.69 MB ( 51%) committed,  2 nodes.
      Class space:        1.00 GB reserved,      10.50 MB (  1%) committed,  1 nodes.
             Both:        1.12 GB reserved,      76.19 MB (  7%) committed. 

Chunk freelists:
   Non-Class:  13.77 MB
       Class:  5.49 MB
        Both:  19.27 MB

MaxMetaspaceSize: unlimited
CompressedClassSpaceSize: 1.00 GB
Initial GC threshold: 21.00 MB
Current GC threshold: 127.00 MB
CDS: off
MetaspaceReclaimPolicy: balanced
 - commit_granule_bytes: 65536.
 - commit_granule_words: 8192.
 - virtual_space_node_default_size: 8388608.
 - enlarge_chunks_in_place: 1.
 - new_chunks_are_fully_committed: 0.
 - uncommit_free_chunks: 1.
 - use_allocation_guard: 0.
 - handle_deallocations: 1.


Internal statistics:

num_allocs_failed_limit: 6.
num_arena_births: 922.
num_arena_deaths: 348.
num_vsnodes_births: 3.
num_vsnodes_deaths: 0.
num_space_committed: 1219.
num_space_uncommitted: 0.
num_chunks_returned_to_freelist: 422.
num_chunks_taken_from_freelist: 3426.
num_chunk_merges: 137.
num_chunk_splits: 2332.
num_chunks_enlarged: 1796.
num_inconsistent_stats: 0.

CodeCache: size=49152Kb used=16831Kb max_used=17858Kb free=32320Kb
 bounds [0x000001e36e510000, 0x000001e36f690000, 0x000001e371510000]
 total_blobs=10207 nmethods=9519 adapters=614
 compilation: enabled
              stopped_count=0, restarted_count=0
 full_count=0

Compilation events (20 events):
Event: 3894.713 Thread 0x000001e37667e1a0 nmethod 9745 0x000001e36f664590 code [0x000001e36f664720, 0x000001e36f664808]
Event: 3894.713 Thread 0x000001e37667e1a0 9746       1       jdk.internal.misc.VM::toThreadState (68 bytes)
Event: 3894.714 Thread 0x000001e37667e1a0 nmethod 9746 0x000001e36f664110 code [0x000001e36f6642e0, 0x000001e36f664518]
Event: 3894.722 Thread 0x000001e37667e1a0 9747       1       java.nio.charset.CharsetDecoder::<init> (10 bytes)
Event: 3894.722 Thread 0x000001e37667e1a0 nmethod 9747 0x000001e36f663e10 code [0x000001e36f663fa0, 0x000001e36f664088]
Event: 3894.722 Thread 0x000001e37667e1a0 9748       1       java.nio.charset.CharsetDecoder::<init> (100 bytes)
Event: 3894.723 Thread 0x000001e37667e1a0 nmethod 9748 0x000001e36f663690 code [0x000001e36f663880, 0x000001e36f663cf8]
Event: 3894.723 Thread 0x000001e37667e1a0 9749       1       java.nio.charset.CharsetDecoder::replaceWith (68 bytes)
Event: 3894.724 Thread 0x000001e37667e1a0 nmethod 9749 0x000001e36f663010 code [0x000001e36f6631e0, 0x000001e36f663538]
Event: 3894.725 Thread 0x000001e37667e1a0 9750       1       java.nio.charset.CharsetDecoder::implReplaceWith (1 bytes)
Event: 3894.725 Thread 0x000001e37667e1a0 nmethod 9750 0x000001e36f662d10 code [0x000001e36f662ea0, 0x000001e36f662f58]
Event: 3894.737 Thread 0x000001e37667e1a0 9751       1       java.lang.ThreadLocal$ThreadLocalMap::expungeStaleEntries (47 bytes)
Event: 3894.738 Thread 0x000001e37667e1a0 nmethod 9751 0x000001e36f662890 code [0x000001e36f662a40, 0x000001e36f662bb8]
Event: 3894.738 Thread 0x000001e37667e1a0 9752       1       java.lang.ThreadLocal$ThreadLocalMap::resize (139 bytes)
Event: 3894.738 Thread 0x000001e37667e1a0 nmethod 9752 0x000001e36f662090 code [0x000001e36f662240, 0x000001e36f662658]
Event: 3896.476 Thread 0x000001e37667e1a0 9753   !   1       org.apache.catalina.loader.WebappLoader::backgroundProcess (68 bytes)
Event: 3896.546 Thread 0x000001e37667e1a0 nmethod 9753 0x000001e36f661390 code [0x000001e36f6615c0, 0x000001e36f661b48]
Event: 3898.480 Thread 0x000001e37667e1a0 9758       1       java.util.TimeZone::getID (5 bytes)
Event: 3898.480 Thread 0x000001e37667e1a0 nmethod 9758 0x000001e36f661090 code [0x000001e36f661220, 0x000001e36f6612f8]
Event: 3903.038 Thread 0x000001e37667e1a0 9759       1       java.util.concurrent.locks.ReentrantReadWriteLock$Sync::fullTryAcquireShared (247 bytes)

GC Heap History (20 events):
Event: 3880.703 GC heap after
{Heap after GC invocations=68 (full 0):
 garbage-first heap   total 172032K, used 54782K [0x00000000c1a00000, 0x0000000100000000)
  region size 1024K, 1 young (1024K), 1 survivors (1024K)
 Metaspace       used 77363K, committed 78016K, reserved 1179648K
  class space    used 10499K, committed 10752K, reserved 1048576K
}
Event: 3880.845 GC heap before
{Heap before GC invocations=68 (full 0):
 garbage-first heap   total 172032K, used 61950K [0x00000000c1a00000, 0x0000000100000000)
  region size 1024K, 8 young (8192K), 1 survivors (1024K)
 Metaspace       used 77363K, committed 78016K, reserved 1179648K
  class space    used 10499K, committed 10752K, reserved 1048576K
}
Event: 3881.192 GC heap after
{Heap after GC invocations=69 (full 0):
 garbage-first heap   total 172032K, used 55296K [0x00000000c1a00000, 0x0000000100000000)
  region size 1024K, 1 young (1024K), 1 survivors (1024K)
 Metaspace       used 77363K, committed 78016K, reserved 1179648K
  class space    used 10499K, committed 10752K, reserved 1048576K
}
Event: 3881.817 GC heap before
{Heap before GC invocations=69 (full 0):
 garbage-first heap   total 172032K, used 61440K [0x00000000c1a00000, 0x0000000100000000)
  region size 1024K, 8 young (8192K), 1 survivors (1024K)
 Metaspace       used 77363K, committed 78016K, reserved 1179648K
  class space    used 10499K, committed 10752K, reserved 1048576K
}
Event: 3886.253 GC heap after
{Heap after GC invocations=70 (full 0):
 garbage-first heap   total 512000K, used 58236K [0x00000000c1a00000, 0x0000000100000000)
  region size 1024K, 1 young (1024K), 1 survivors (1024K)
 Metaspace       used 77363K, committed 78016K, reserved 1179648K
  class space    used 10499K, committed 10752K, reserved 1048576K
}
Event: 3887.408 GC heap before
{Heap before GC invocations=71 (full 0):
 garbage-first heap   total 208896K, used 70524K [0x00000000c1a00000, 0x0000000100000000)
  region size 1024K, 13 young (13312K), 1 survivors (1024K)
 Metaspace       used 77363K, committed 78016K, reserved 1179648K
  class space    used 10499K, committed 10752K, reserved 1048576K
}
Event: 3892.080 GC heap after
{Heap after GC invocations=72 (full 0):
 garbage-first heap   total 208896K, used 62140K [0x00000000c1a00000, 0x0000000100000000)
  region size 1024K, 2 young (2048K), 2 survivors (2048K)
 Metaspace       used 77363K, committed 78016K, reserved 1179648K
  class space    used 10499K, committed 10752K, reserved 1048576K
}
Event: 3892.712 GC heap before
{Heap before GC invocations=72 (full 0):
 garbage-first heap   total 208896K, used 70332K [0x00000000c1a00000, 0x0000000100000000)
  region size 1024K, 10 young (10240K), 2 survivors (2048K)
 Metaspace       used 77363K, committed 78016K, reserved 1179648K
  class space    used 10499K, committed 10752K, reserved 1048576K
}
Event: 3893.886 GC heap after
{Heap after GC invocations=73 (full 0):
 garbage-first heap   total 208896K, used 62721K [0x00000000c1a00000, 0x0000000100000000)
  region size 1024K, 2 young (2048K), 2 survivors (2048K)
 Metaspace       used 77363K, committed 78016K, reserved 1179648K
  class space    used 10499K, committed 10752K, reserved 1048576K
}
Event: 3895.866 GC heap before
{Heap before GC invocations=73 (full 0):
 garbage-first heap   total 208896K, used 70913K [0x00000000c1a00000, 0x0000000100000000)
  region size 1024K, 10 young (10240K), 2 survivors (2048K)
 Metaspace       used 77363K, committed 78016K, reserved 1179648K
  class space    used 10499K, committed 10752K, reserved 1048576K
}
Event: 3896.470 GC heap after
{Heap after GC invocations=74 (full 0):
 garbage-first heap   total 208896K, used 63028K [0x00000000c1a00000, 0x0000000100000000)
  region size 1024K, 1 young (1024K), 1 survivors (1024K)
 Metaspace       used 77363K, committed 78016K, reserved 1179648K
  class space    used 10499K, committed 10752K, reserved 1048576K
}
Event: 3896.725 GC heap before
{Heap before GC invocations=74 (full 0):
 garbage-first heap   total 208896K, used 72244K [0x00000000c1a00000, 0x0000000100000000)
  region size 1024K, 10 young (10240K), 1 survivors (1024K)
 Metaspace       used 77363K, committed 78016K, reserved 1179648K
  class space    used 10499K, committed 10752K, reserved 1048576K
}
Event: 3896.729 GC heap after
{Heap after GC invocations=75 (full 0):
 garbage-first heap   total 208896K, used 63267K [0x00000000c1a00000, 0x0000000100000000)
  region size 1024K, 2 young (2048K), 2 survivors (2048K)
 Metaspace       used 77363K, committed 78016K, reserved 1179648K
  class space    used 10499K, committed 10752K, reserved 1048576K
}
Event: 3898.040 GC heap before
{Heap before GC invocations=75 (full 0):
 garbage-first heap   total 208896K, used 71459K [0x00000000c1a00000, 0x0000000100000000)
  region size 1024K, 10 young (10240K), 2 survivors (2048K)
 Metaspace       used 77363K, committed 78016K, reserved 1179648K
  class space    used 10499K, committed 10752K, reserved 1048576K
}
Event: 3898.294 GC heap after
{Heap after GC invocations=76 (full 0):
 garbage-first heap   total 208896K, used 63345K [0x00000000c1a00000, 0x0000000100000000)
  region size 1024K, 1 young (1024K), 1 survivors (1024K)
 Metaspace       used 77363K, committed 78016K, reserved 1179648K
  class space    used 10499K, committed 10752K, reserved 1048576K
}
Event: 3899.135 GC heap before
{Heap before GC invocations=77 (full 0):
 garbage-first heap   total 208896K, used 67441K [0x00000000c1a00000, 0x0000000100000000)
  region size 1024K, 10 young (10240K), 1 survivors (1024K)
 Metaspace       used 77363K, committed 78016K, reserved 1179648K
  class space    used 10499K, committed 10752K, reserved 1048576K
}
Event: 3899.137 GC heap after
{Heap after GC invocations=78 (full 0):
 garbage-first heap   total 208896K, used 58251K [0x00000000c1a00000, 0x0000000100000000)
  region size 1024K, 1 young (1024K), 1 survivors (1024K)
 Metaspace       used 77363K, committed 78016K, reserved 1179648K
  class space    used 10499K, committed 10752K, reserved 1048576K
}
Event: 3901.376 GC heap before
{Heap before GC invocations=78 (full 0):
 garbage-first heap   total 208896K, used 67467K [0x00000000c1a00000, 0x0000000100000000)
  region size 1024K, 10 young (10240K), 1 survivors (1024K)
 Metaspace       used 77363K, committed 78016K, reserved 1179648K
  class space    used 10499K, committed 10752K, reserved 1048576K
}
Event: 3901.915 GC heap after
{Heap after GC invocations=79 (full 0):
 garbage-first heap   total 208896K, used 56203K [0x00000000c1a00000, 0x0000000100000000)
  region size 1024K, 1 young (1024K), 1 survivors (1024K)
 Metaspace       used 77363K, committed 78016K, reserved 1179648K
  class space    used 10499K, committed 10752K, reserved 1048576K
}
Event: 3903.116 GC heap before
{Heap before GC invocations=79 (full 0):
 garbage-first heap   total 208896K, used 65419K [0x00000000c1a00000, 0x0000000100000000)
  region size 1024K, 10 young (10240K), 1 survivors (1024K)
 Metaspace       used 77363K, committed 78016K, reserved 1179648K
  class space    used 10499K, committed 10752K, reserved 1048576K
}

Dll operation events (9 events):
Event: 0.043 Loaded shared library C:\Users\User\Downloads\sts-4.21.0.RELEASE\plugins\org.eclipse.justj.openjdk.hotspot.jre.full.win32.x86_64_17.0.9.v20231028-0858\jre\bin\java.dll
Event: 1.123 Loaded shared library C:\Users\User\Downloads\sts-4.21.0.RELEASE\plugins\org.eclipse.justj.openjdk.hotspot.jre.full.win32.x86_64_17.0.9.v20231028-0858\jre\bin\jimage.dll
Event: 1.145 Loaded shared library C:\Users\User\Downloads\sts-4.21.0.RELEASE\plugins\org.eclipse.justj.openjdk.hotspot.jre.full.win32.x86_64_17.0.9.v20231028-0858\jre\bin\net.dll
Event: 1.147 Loaded shared library C:\Users\User\Downloads\sts-4.21.0.RELEASE\plugins\org.eclipse.justj.openjdk.hotspot.jre.full.win32.x86_64_17.0.9.v20231028-0858\jre\bin\nio.dll
Event: 1.152 Loaded shared library C:\Users\User\Downloads\sts-4.21.0.RELEASE\plugins\org.eclipse.justj.openjdk.hotspot.jre.full.win32.x86_64_17.0.9.v20231028-0858\jre\bin\zip.dll
Event: 1.322 Loaded shared library C:\Users\User\Downloads\sts-4.21.0.RELEASE\plugins\org.eclipse.justj.openjdk.hotspot.jre.full.win32.x86_64_17.0.9.v20231028-0858\jre\bin\management.dll
Event: 1.378 Loaded shared library C:\Users\User\Downloads\sts-4.21.0.RELEASE\plugins\org.eclipse.justj.openjdk.hotspot.jre.full.win32.x86_64_17.0.9.v20231028-0858\jre\bin\management_ext.dll
Event: 12.501 Loaded shared library C:\Users\User\Downloads\sts-4.21.0.RELEASE\plugins\org.eclipse.justj.openjdk.hotspot.jre.full.win32.x86_64_17.0.9.v20231028-0858\jre\bin\sunmscapi.dll
Event: 26.233 Loaded shared library C:\Users\User\Downloads\sts-4.21.0.RELEASE\plugins\org.eclipse.justj.openjdk.hotspot.jre.full.win32.x86_64_17.0.9.v20231028-0858\jre\bin\verify.dll

Deoptimization events (12 events):
Event: 11.212 Thread 0x000001e36966f5e0 DEOPT PACKING pc=0x000001e36ea09999 sp=0x0000005547afd220
Event: 11.212 Thread 0x000001e36966f5e0 DEOPT UNPACKING pc=0x000001e36e567143 sp=0x0000005547afc700 mode 3
Event: 12.088 Thread 0x000001e36966f5e0 DEOPT PACKING pc=0x000001e36ea74bd5 sp=0x0000005547afd830
Event: 12.088 Thread 0x000001e36966f5e0 DEOPT UNPACKING pc=0x000001e36e567143 sp=0x0000005547afccd8 mode 3
Event: 23.936 Thread 0x000001e36966f5e0 DEOPT PACKING pc=0x000001e36ecd0bfd sp=0x0000005547afc5d0
Event: 23.936 Thread 0x000001e36966f5e0 DEOPT UNPACKING pc=0x000001e36e567143 sp=0x0000005547afbb38 mode 3
Event: 36.720 Thread 0x000001e36966f5e0 DEOPT PACKING pc=0x000001e36ea69e14 sp=0x0000005547afc480
Event: 36.720 Thread 0x000001e36966f5e0 DEOPT UNPACKING pc=0x000001e36e567143 sp=0x0000005547afb9d8 mode 0
Event: 37.241 Thread 0x000001e36966f5e0 DEOPT PACKING pc=0x000001e36ea406c2 sp=0x0000005547afc7a0
Event: 37.241 Thread 0x000001e36966f5e0 DEOPT UNPACKING pc=0x000001e36e567143 sp=0x0000005547afbca8 mode 3
Event: 3473.649 Thread 0x000001e37d17f170 DEOPT PACKING pc=0x000001e36f07707b sp=0x000000554dcfc960
Event: 3473.664 Thread 0x000001e37d17f170 DEOPT UNPACKING pc=0x000001e36e567143 sp=0x000000554dcfbe88 mode 3

Classes unloaded (20 events):
Event: 3418.439 Thread 0x000001e3764e10e0 Unloading class 0x00000001004d4800 'java/lang/invoke/LambdaForm$MH+0x00000001004d4800'
Event: 3418.439 Thread 0x000001e3764e10e0 Unloading class 0x00000001004d4400 'java/lang/invoke/LambdaForm$MH+0x00000001004d4400'
Event: 3418.439 Thread 0x000001e3764e10e0 Unloading class 0x00000001004d4000 'java/lang/invoke/LambdaForm$MH+0x00000001004d4000'
Event: 3418.439 Thread 0x000001e3764e10e0 Unloading class 0x00000001004c4400 'java/lang/invoke/LambdaForm$MH+0x00000001004c4400'
Event: 3418.500 Thread 0x000001e3764e10e0 Unloading class 0x0000000100228800 'java/lang/invoke/LambdaForm$MH+0x0000000100228800'
Event: 3418.500 Thread 0x000001e3764e10e0 Unloading class 0x0000000100228400 'java/lang/invoke/LambdaForm$MH+0x0000000100228400'
Event: 3418.500 Thread 0x000001e3764e10e0 Unloading class 0x0000000100149800 'jdk/internal/reflect/GeneratedSerializationConstructorAccessor9'
Event: 3418.516 Thread 0x000001e3764e10e0 Unloading class 0x00000001000c6000 'java/lang/invoke/LambdaForm$MH+0x00000001000c6000'
Event: 3418.516 Thread 0x000001e3764e10e0 Unloading class 0x00000001000c5c00 'java/lang/invoke/LambdaForm$MH+0x00000001000c5c00'
Event: 3418.516 Thread 0x000001e3764e10e0 Unloading class 0x00000001000c5800 'java/lang/invoke/LambdaForm$MH+0x00000001000c5800'
Event: 3418.516 Thread 0x000001e3764e10e0 Unloading class 0x00000001000c5400 'java/lang/invoke/LambdaForm$MH+0x00000001000c5400'
Event: 3418.516 Thread 0x000001e3764e10e0 Unloading class 0x00000001000c5000 'java/lang/invoke/LambdaForm$MH+0x00000001000c5000'
Event: 3418.516 Thread 0x000001e3764e10e0 Unloading class 0x00000001000c4c00 'java/lang/invoke/LambdaForm$MH+0x00000001000c4c00'
Event: 3418.517 Thread 0x000001e3764e10e0 Unloading class 0x00000001000c2400 'java/lang/invoke/LambdaForm$MH+0x00000001000c2400'
Event: 3418.517 Thread 0x000001e3764e10e0 Unloading class 0x00000001000c1c00 'java/lang/invoke/LambdaForm$MH+0x00000001000c1c00'
Event: 3418.517 Thread 0x000001e3764e10e0 Unloading class 0x00000001000c1400 'java/lang/invoke/LambdaForm$MH+0x00000001000c1400'
Event: 3418.517 Thread 0x000001e3764e10e0 Unloading class 0x00000001000c0c00 'java/lang/invoke/LambdaForm$MH+0x00000001000c0c00'
Event: 3855.746 Thread 0x000001e3764e10e0 Unloading class 0x00000001004c8800 'jdk/internal/reflect/GeneratedSerializationConstructorAccessor26'
Event: 3855.746 Thread 0x000001e3764e10e0 Unloading class 0x000000010014b800 'jdk/internal/reflect/GeneratedSerializationConstructorAccessor25'
Event: 3855.746 Thread 0x000001e3764e10e0 Unloading class 0x0000000100a61000 'jdk/internal/reflect/GeneratedSerializationConstructorAccessor24'

Classes redefined (0 events):
No events

Internal exceptions (20 events):
Event: 46.251 Thread 0x000001e37ce94160 Exception <a 'java/lang/NoSuchMethodError'{0x00000000c5944cb0}: 'java.lang.Object java.lang.invoke.Invokers$Holder.linkToTargetMethod(java.lang.Object, java.lang.Object, java.lang.Object, long, java.lang.Object)'> (0x00000000c5944cb0) 
thrown [s\src\hotspot\share\interpreter\linkResolver.cpp, line 759]
Event: 46.558 Thread 0x000001e37ce92d20 Exception <a 'java/lang/NoSuchMethodError'{0x00000000c496c790}: 'java.lang.Object java.lang.invoke.DirectMethodHandle$Holder.invokeInterface(java.lang.Object, java.lang.Object, java.lang.Object, java.lang.Object)'> (0x00000000c496c790) 
thrown [s\src\hotspot\share\interpreter\linkResolver.cpp, line 759]
Event: 46.586 Thread 0x000001e37ce92d20 Exception <a 'java/lang/NoSuchMethodError'{0x00000000c49d3d38}: 'void java.lang.invoke.DirectMethodHandle$Holder.invokeSpecialIFC(java.lang.Object, java.lang.Object, int, java.lang.Object, java.lang.Object, java.lang.Object, java.lang.Object)'> (0x00000000c49d3d38) 
thrown [s\src\hotspot\share\interpreter\linkResolver.cpp, line 759]
Event: 86.829 Thread 0x000001e37ce95ab0 Exception <a 'java/lang/IncompatibleClassChangeError'{0x00000000c6521630}: Found class java.lang.Object, but interface was expected> (0x00000000c6521630) 
thrown [s\src\hotspot\share\interpreter\linkResolver.cpp, line 826]
Event: 305.111 Thread 0x000001e37b3c56c0 Exception <a 'java/lang/NoSuchMethodError'{0x00000000c600d860}: static [B.<clinit>()V> (0x00000000c600d860) 
thrown [s\src\hotspot\share\prims\jni.cpp, line 1107]
Event: 1791.960 Thread 0x000001e37ce94670 Exception <a 'java/io/IOException'{0x00000000c5f99bd8}> (0x00000000c5f99bd8) 
thrown [s\src\hotspot\share\prims\jni.cpp, line 516]
Event: 1792.053 Thread 0x000001e37ce94670 Exception <a 'java/io/IOException'{0x00000000c5f9a718}> (0x00000000c5f9a718) 
thrown [s\src\hotspot\share\prims\jni.cpp, line 516]
Event: 2935.731 Thread 0x000001e37ce913d0 Exception <a 'java/lang/reflect/InvocationTargetException'{0x00000000c57e4088}> (0x00000000c57e4088) 
thrown [s\src\hotspot\share\runtime\reflection.cpp, line 1121]
Event: 2944.961 Thread 0x000001e37ce913d0 Exception <a 'java/io/IOException'{0x00000000c5561400}> (0x00000000c5561400) 
thrown [s\src\hotspot\share\prims\jni.cpp, line 516]
Event: 2966.149 Thread 0x000001e37ce95ab0 Exception <a 'java/lang/NoSuchMethodError'{0x00000000c53e7428}: 'int java.lang.invoke.DirectMethodHandle$Holder.invokeStatic(java.lang.Object, java.lang.Object, int, int)'> (0x00000000c53e7428) 
thrown [s\src\hotspot\share\interpreter\linkResolver.cpp, line 759]
Event: 2971.065 Thread 0x000001e37ce95ab0 Exception <a 'java/io/IOException'{0x00000000c52ce8a8}> (0x00000000c52ce8a8) 
thrown [s\src\hotspot\share\prims\jni.cpp, line 516]
Event: 3568.551 Thread 0x000001e37d219380 Exception <a 'java/net/SocketException'{0x00000000cf861990}: Connection reset by peer: shutdown> (0x00000000cf861990) 
thrown [s\src\hotspot\share\prims\jni.cpp, line 535]
Event: 3577.116 Thread 0x000001e37d219890 Exception <a 'java/net/SocketException'{0x00000000cf741968}: Connection reset by peer: shutdown> (0x00000000cf741968) 
thrown [s\src\hotspot\share\prims\jni.cpp, line 535]
Event: 3587.866 Thread 0x000001e37d21e990 Exception <a 'java/io/IOException'{0x00000000cf7b9708}> (0x00000000cf7b9708) 
thrown [s\src\hotspot\share\prims\jni.cpp, line 516]
Event: 3589.248 Thread 0x000001e37d21e990 Exception <a 'java/io/IOException'{0x00000000cf6289b8}> (0x00000000cf6289b8) 
thrown [s\src\hotspot\share\prims\jni.cpp, line 516]
Event: 3593.301 Thread 0x000001e37d21e990 Exception <a 'java/io/IOException'{0x00000000cf504b28}> (0x00000000cf504b28) 
thrown [s\src\hotspot\share\prims\jni.cpp, line 516]
Event: 3596.010 Thread 0x000001e37d21e990 Exception <a 'java/net/SocketException'{0x00000000cf571248}: Connection reset by peer: shutdown> (0x00000000cf571248) 
thrown [s\src\hotspot\share\prims\jni.cpp, line 535]
Event: 3603.695 Thread 0x000001e37d005db0 Exception <a 'java/io/IOException'{0x00000000cf5e5088}> (0x00000000cf5e5088) 
thrown [s\src\hotspot\share\prims\jni.cpp, line 516]
Event: 3603.695 Thread 0x000001e37d005db0 Exception <a 'java/io/IOException'{0x00000000cf5e5be0}> (0x00000000cf5e5be0) 
thrown [s\src\hotspot\share\prims\jni.cpp, line 516]
Event: 3605.186 Thread 0x000001e37ce94670 Exception <a 'java/lang/NoSuchMethodError'{0x00000000cf47a808}: static [B.<clinit>()V> (0x00000000cf47a808) 
thrown [s\src\hotspot\share\prims\jni.cpp, line 1107]

VM Operations (20 events):
Event: 3892.081 Executing VM operation: G1CollectForAllocation done
Event: 3892.711 Executing VM operation: G1CollectForAllocation
Event: 3893.894 Executing VM operation: G1CollectForAllocation done
Event: 3894.900 Executing VM operation: Cleanup
Event: 3894.900 Executing VM operation: Cleanup done
Event: 3895.866 Executing VM operation: G1CollectForAllocation
Event: 3896.470 Executing VM operation: G1CollectForAllocation done
Event: 3896.725 Executing VM operation: G1CollectForAllocation
Event: 3896.729 Executing VM operation: G1CollectForAllocation done
Event: 3898.040 Executing VM operation: G1CollectForAllocation
Event: 3898.294 Executing VM operation: G1CollectForAllocation done
Event: 3898.364 Executing VM operation: G1PauseRemark
Event: 3898.375 Executing VM operation: G1PauseRemark done
Event: 3898.419 Executing VM operation: G1PauseCleanup
Event: 3898.419 Executing VM operation: G1PauseCleanup done
Event: 3899.135 Executing VM operation: G1CollectForAllocation
Event: 3899.137 Executing VM operation: G1CollectForAllocation done
Event: 3901.376 Executing VM operation: G1CollectForAllocation
Event: 3901.915 Executing VM operation: G1CollectForAllocation done
Event: 3903.047 Executing VM operation: G1CollectForAllocation

Events (20 events):
Event: 3892.103 Thread 0x000001e37ce904a0 Thread added: 0x000001e37ce904a0
Event: 3892.113 Thread 0x000001e37ce95ab0 Thread added: 0x000001e37ce95ab0
Event: 3892.114 Thread 0x000001e37ce95fc0 Thread added: 0x000001e37ce95fc0
Event: 3892.115 Thread 0x000001e37ce92d20 Thread added: 0x000001e37ce92d20
Event: 3892.115 Thread 0x000001e37ce913d0 Thread added: 0x000001e37ce913d0
Event: 3892.116 Thread 0x000001e37ce93230 Thread added: 0x000001e37ce93230
Event: 3892.116 Thread 0x000001e37d17bed0 Thread added: 0x000001e37d17bed0
Event: 3892.116 Thread 0x000001e37d1814e0 Thread added: 0x000001e37d1814e0
Event: 3892.117 Thread 0x000001e37d17c8f0 Thread added: 0x000001e37d17c8f0
Event: 3892.120 Thread 0x000001e37d17fb90 Thread added: 0x000001e37d17fb90
Event: 3892.120 Thread 0x000001e37d17ce00 Thread added: 0x000001e37d17ce00
Event: 3892.120 Thread 0x000001e37d1800a0 Thread added: 0x000001e37d1800a0
Event: 3892.120 Thread 0x000001e37d17a070 Thread added: 0x000001e37d17a070
Event: 3892.120 Thread 0x000001e37d180ac0 Thread added: 0x000001e37d180ac0
Event: 3892.121 Thread 0x000001e37d17aa90 Thread added: 0x000001e37d17aa90
Event: 3892.121 Thread 0x000001e37d1805b0 Thread added: 0x000001e37d1805b0
Event: 3892.121 Thread 0x000001e37d1819f0 Thread added: 0x000001e37d1819f0
Event: 3894.713 Thread 0x000001e37d17afa0 Thread added: 0x000001e37d17afa0
Event: 3900.645 Thread 0x000001e37d17afa0 Thread exited: 0x000001e37d17afa0
Event: 3901.916 Thread 0x000001e37d17afa0 Thread added: 0x000001e37d17afa0


Dynamic libraries:
0x00007ff632b10000 - 0x00007ff632b1e000 	C:\Users\User\Downloads\sts-4.21.0.RELEASE\plugins\org.eclipse.justj.openjdk.hotspot.jre.full.win32.x86_64_17.0.9.v20231028-0858\jre\bin\javaw.exe
0x00007ffe9da10000 - 0x00007ffe9dc08000 	C:\Windows\SYSTEM32\ntdll.dll
0x00007ffe9d4e0000 - 0x00007ffe9d59d000 	C:\Windows\System32\KERNEL32.DLL
0x00007ffe9b430000 - 0x00007ffe9b726000 	C:\Windows\System32\KERNELBASE.dll
0x00007ffe9b100000 - 0x00007ffe9b200000 	C:\Windows\System32\ucrtbase.dll
0x00007ffe5ccc0000 - 0x00007ffe5ccd7000 	C:\Users\User\Downloads\sts-4.21.0.RELEASE\plugins\org.eclipse.justj.openjdk.hotspot.jre.full.win32.x86_64_17.0.9.v20231028-0858\jre\bin\jli.dll
0x00007ffe73180000 - 0x00007ffe7319b000 	C:\Users\User\Downloads\sts-4.21.0.RELEASE\plugins\org.eclipse.justj.openjdk.hotspot.jre.full.win32.x86_64_17.0.9.v20231028-0858\jre\bin\VCRUNTIME140.dll
0x00007ffe9d070000 - 0x00007ffe9d20e000 	C:\Windows\System32\USER32.dll
0x00007ffe9b0d0000 - 0x00007ffe9b0f2000 	C:\Windows\System32\win32u.dll
0x00007ffe820b0000 - 0x00007ffe8234a000 	C:\Windows\WinSxS\amd64_microsoft.windows.common-controls_6595b64144ccf1df_6.0.19041.3636_none_60b6a03d71f818d5\COMCTL32.dll
0x00007ffe9c960000 - 0x00007ffe9c98b000 	C:\Windows\System32\GDI32.dll
0x00007ffe9d5a0000 - 0x00007ffe9d63e000 	C:\Windows\System32\msvcrt.dll
0x00007ffe9b270000 - 0x00007ffe9b387000 	C:\Windows\System32\gdi32full.dll
0x00007ffe9b390000 - 0x00007ffe9b42d000 	C:\Windows\System32\msvcp_win.dll
0x00007ffe9d660000 - 0x00007ffe9d692000 	C:\Windows\System32\IMM32.DLL
0x00007ffe83270000 - 0x00007ffe8327c000 	C:\Users\User\Downloads\sts-4.21.0.RELEASE\plugins\org.eclipse.justj.openjdk.hotspot.jre.full.win32.x86_64_17.0.9.v20231028-0858\jre\bin\vcruntime140_1.dll
0x00007ffe5cc30000 - 0x00007ffe5ccbd000 	C:\Users\User\Downloads\sts-4.21.0.RELEASE\plugins\org.eclipse.justj.openjdk.hotspot.jre.full.win32.x86_64_17.0.9.v20231028-0858\jre\bin\msvcp140.dll
0x00007ffe5df70000 - 0x00007ffe5ebd1000 	C:\Users\User\Downloads\sts-4.21.0.RELEASE\plugins\org.eclipse.justj.openjdk.hotspot.jre.full.win32.x86_64_17.0.9.v20231028-0858\jre\bin\server\jvm.dll
0x00007ffe9c9f0000 - 0x00007ffe9caa3000 	C:\Windows\System32\ADVAPI32.dll
0x00007ffe9cf50000 - 0x00007ffe9cfef000 	C:\Windows\System32\sechost.dll
0x00007ffe9d6a0000 - 0x00007ffe9d7c6000 	C:\Windows\System32\RPCRT4.dll
0x00007ffe9b730000 - 0x00007ffe9b757000 	C:\Windows\System32\bcrypt.dll
0x00007ffe9afb0000 - 0x00007ffe9affb000 	C:\Windows\SYSTEM32\POWRPROF.dll
0x00007ffe8cf60000 - 0x00007ffe8cf87000 	C:\Windows\SYSTEM32\WINMM.dll
0x00007ffe8d0f0000 - 0x00007ffe8d0f9000 	C:\Windows\SYSTEM32\WSOCK32.dll
0x00007ffe90220000 - 0x00007ffe9022a000 	C:\Windows\SYSTEM32\VERSION.dll
0x00007ffe9cee0000 - 0x00007ffe9cf4b000 	C:\Windows\System32\ws2_32.DLL
0x00007ffe9af90000 - 0x00007ffe9afa2000 	C:\Windows\SYSTEM32\UMPDC.dll
0x00007ffe98f80000 - 0x00007ffe98f92000 	C:\Windows\SYSTEM32\kernel.appcore.dll
0x00007ffe875d0000 - 0x00007ffe875da000 	C:\Users\User\Downloads\sts-4.21.0.RELEASE\plugins\org.eclipse.justj.openjdk.hotspot.jre.full.win32.x86_64_17.0.9.v20231028-0858\jre\bin\jimage.dll
0x00007ffe943c0000 - 0x00007ffe945a4000 	C:\Windows\SYSTEM32\DBGHELP.DLL
0x00007ffe94380000 - 0x00007ffe943b4000 	C:\Windows\SYSTEM32\dbgcore.DLL
0x00007ffe9b860000 - 0x00007ffe9b8e2000 	C:\Windows\System32\bcryptPrimitives.dll
0x00007ffe79120000 - 0x00007ffe79145000 	C:\Users\User\Downloads\sts-4.21.0.RELEASE\plugins\org.eclipse.justj.openjdk.hotspot.jre.full.win32.x86_64_17.0.9.v20231028-0858\jre\bin\java.dll
0x00007ffe79100000 - 0x00007ffe79118000 	C:\Users\User\Downloads\sts-4.21.0.RELEASE\plugins\org.eclipse.justj.openjdk.hotspot.jre.full.win32.x86_64_17.0.9.v20231028-0858\jre\bin\zip.dll
0x00007ffe9bd20000 - 0x00007ffe9c465000 	C:\Windows\System32\SHELL32.dll
0x00007ffe99180000 - 0x00007ffe9991c000 	C:\Windows\SYSTEM32\windows.storage.dll
0x00007ffe9cb80000 - 0x00007ffe9ced4000 	C:\Windows\System32\combase.dll
0x00007ffe9aa30000 - 0x00007ffe9aa5e000 	C:\Windows\SYSTEM32\Wldp.dll
0x00007ffe9cab0000 - 0x00007ffe9cb7d000 	C:\Windows\System32\OLEAUT32.dll
0x00007ffe9d920000 - 0x00007ffe9d9cd000 	C:\Windows\System32\SHCORE.dll
0x00007ffe9d8c0000 - 0x00007ffe9d915000 	C:\Windows\System32\shlwapi.dll
0x00007ffe9b000000 - 0x00007ffe9b025000 	C:\Windows\SYSTEM32\profapi.dll
0x00007ffe790e0000 - 0x00007ffe790f9000 	C:\Users\User\Downloads\sts-4.21.0.RELEASE\plugins\org.eclipse.justj.openjdk.hotspot.jre.full.win32.x86_64_17.0.9.v20231028-0858\jre\bin\net.dll
0x00007ffe93b30000 - 0x00007ffe93c3a000 	C:\Windows\SYSTEM32\WINHTTP.dll
0x00007ffe9a790000 - 0x00007ffe9a7fa000 	C:\Windows\system32\mswsock.dll
0x00007ffe790c0000 - 0x00007ffe790d6000 	C:\Users\User\Downloads\sts-4.21.0.RELEASE\plugins\org.eclipse.justj.openjdk.hotspot.jre.full.win32.x86_64_17.0.9.v20231028-0858\jre\bin\nio.dll
0x00007ffe84b40000 - 0x00007ffe84b49000 	C:\Users\User\Downloads\sts-4.21.0.RELEASE\plugins\org.eclipse.justj.openjdk.hotspot.jre.full.win32.x86_64_17.0.9.v20231028-0858\jre\bin\management.dll
0x00007ffe84b30000 - 0x00007ffe84b3b000 	C:\Users\User\Downloads\sts-4.21.0.RELEASE\plugins\org.eclipse.justj.openjdk.hotspot.jre.full.win32.x86_64_17.0.9.v20231028-0858\jre\bin\management_ext.dll
0x00007ffe9c470000 - 0x00007ffe9c478000 	C:\Windows\System32\PSAPI.DLL
0x00007ffe7b570000 - 0x00007ffe7b587000 	C:\Windows\system32\napinsp.dll
0x00007ffe5ecf0000 - 0x00007ffe5ed0b000 	C:\Windows\system32\pnrpnsp.dll
0x00007ffe97860000 - 0x00007ffe97875000 	C:\Windows\system32\wshbth.dll
0x00007ffe93c40000 - 0x00007ffe93c5d000 	C:\Windows\system32\NLAapi.dll
0x00007ffe9a480000 - 0x00007ffe9a4bb000 	C:\Windows\SYSTEM32\IPHLPAPI.DLL
0x00007ffe9a4c0000 - 0x00007ffe9a58b000 	C:\Windows\SYSTEM32\DNSAPI.dll
0x00007ffe9d7d0000 - 0x00007ffe9d7d8000 	C:\Windows\System32\NSI.dll
0x00007ffe5ecd0000 - 0x00007ffe5ece2000 	C:\Windows\System32\winrnr.dll
0x00007ffe92e30000 - 0x00007ffe92e3a000 	C:\Windows\System32\rasadhlp.dll
0x00007ffe91d40000 - 0x00007ffe91dc0000 	C:\Windows\System32\fwpuclnt.dll
0x00007ffe9a980000 - 0x00007ffe9a998000 	C:\Windows\SYSTEM32\CRYPTSP.dll
0x00007ffe9a0c0000 - 0x00007ffe9a0f4000 	C:\Windows\system32\rsaenh.dll
0x00007ffe9af50000 - 0x00007ffe9af7e000 	C:\Windows\SYSTEM32\USERENV.dll
0x00007ffe9a9a0000 - 0x00007ffe9a9ac000 	C:\Windows\SYSTEM32\CRYPTBASE.dll
0x00007ffe93d60000 - 0x00007ffe93d77000 	C:\Windows\SYSTEM32\dhcpcsvc6.DLL
0x00007ffe93e50000 - 0x00007ffe93e6d000 	C:\Windows\SYSTEM32\dhcpcsvc.DLL
0x00007ffe92c30000 - 0x00007ffe92c3e000 	C:\Users\User\Downloads\sts-4.21.0.RELEASE\plugins\org.eclipse.justj.openjdk.hotspot.jre.full.win32.x86_64_17.0.9.v20231028-0858\jre\bin\sunmscapi.dll
0x00007ffe9b8f0000 - 0x00007ffe9ba4d000 	C:\Windows\System32\CRYPT32.dll
0x00007ffe9aaa0000 - 0x00007ffe9aac8000 	C:\Windows\SYSTEM32\ncrypt.dll
0x00007ffe9aa60000 - 0x00007ffe9aa9b000 	C:\Windows\SYSTEM32\NTASN1.dll
0x00007ffe83080000 - 0x00007ffe83090000 	C:\Users\User\Downloads\sts-4.21.0.RELEASE\plugins\org.eclipse.justj.openjdk.hotspot.jre.full.win32.x86_64_17.0.9.v20231028-0858\jre\bin\verify.dll
0x00007ffe8d9e0000 - 0x00007ffe8d9e7000 	C:\Windows\system32\wshunix.dll

dbghelp: loaded successfully - version: 4.0.5 - missing functions: none
symbol engine: initialized successfully - sym options: 0x614 - pdb path: .;C:\Users\User\Downloads\sts-4.21.0.RELEASE\plugins\org.eclipse.justj.openjdk.hotspot.jre.full.win32.x86_64_17.0.9.v20231028-0858\jre\bin;C:\Windows\SYSTEM32;C:\Windows\WinSxS\amd64_microsoft.windows.common-controls_6595b64144ccf1df_6.0.19041.3636_none_60b6a03d71f818d5;C:\Users\User\Downloads\sts-4.21.0.RELEASE\plugins\org.eclipse.justj.openjdk.hotspot.jre.full.win32.x86_64_17.0.9.v20231028-0858\jre\bin\server

VM Arguments:
jvm_args: -Dcom.sun.management.jmxremote -Dcom.sun.management.jmxremote.port=56157 -Dcom.sun.management.jmxremote.authenticate=false -Dcom.sun.management.jmxremote.ssl=false -Djava.rmi.server.hostname=localhost -Dspring.jmx.enabled=true -Dmanagement.endpoints.jmx.exposure.include=* -Dspring.application.admin.enabled=true -XX:TieredStopAtLevel=1 -Dspring.boot.project.name=StudentManagement -Dfile.encoding=UTF-8 -Dstdout.encoding=UTF-8 -Dstderr.encoding=UTF-8 -XX:+ShowCodeDetailsInExceptionMessages 
java_command: com.student.StudentManagementApplication --spring.output.ansi.enabled=always
java_class_path (initial): C:\Users\User\Documents\workspace-spring-tool-suite-4-4.21.0.RELEASE\StudentManagement\target\classes;C:\Users\User\.m2\repository\org\springframework\boot\spring-boot-starter-data-jpa\3.2.1\spring-boot-starter-data-jpa-3.2.1.jar;C:\Users\User\.m2\repository\org\springframework\boot\spring-boot-starter-aop\3.2.1\spring-boot-starter-aop-3.2.1.jar;C:\Users\User\.m2\repository\org\springframework\spring-aop\6.1.2\spring-aop-6.1.2.jar;C:\Users\User\.m2\repository\org\aspectj\aspectjweaver\1.9.21\aspectjweaver-1.9.21.jar;C:\Users\User\.m2\repository\org\springframework\boot\spring-boot-starter-jdbc\3.2.1\spring-boot-starter-jdbc-3.2.1.jar;C:\Users\User\.m2\repository\com\zaxxer\HikariCP\5.0.1\HikariCP-5.0.1.jar;C:\Users\User\.m2\repository\org\springframework\spring-jdbc\6.1.2\spring-jdbc-6.1.2.jar;C:\Users\User\.m2\repository\org\hibernate\orm\hibernate-core\6.4.1.Final\hibernate-core-6.4.1.Final.jar;C:\Users\User\.m2\repository\jakarta\persistence\jakarta.persistence-api\3.1.0\jakarta.persistence-api-3.1.0.jar;C:\Users\User\.m2\repository\jakarta\transaction\jakarta.transaction-api\2.0.1\jakarta.transaction-api-2.0.1.jar;C:\Users\User\.m2\repository\org\jboss\logging\jboss-logging\3.5.3.Final\jboss-logging-3.5.3.Final.jar;C:\Users\User\.m2\repository\org\hibernate\common\hibernate-commons-annotations\6.0.6.Final\hibernate-commons-annotations-6.0.6.Final.jar;C:\Users\User\.m2\repository\io\smallrye\jandex\3.1.2\jandex-3.1.2.jar;C:\Users\User\.m2\repository\com\fasterxml\classmate\1.6.0\classmate-1.6.0.jar;C:\Users\User\.m2\repository\net\bytebuddy\byte-buddy\1.14.10\byte-buddy-1.14.10.jar;C:\Users\User\.m2\repository\org\glassfish\jaxb\jaxb-runtime\4.0.4\jaxb-runtime-4.0.4.jar;C:\Users\User\.m2\repository\org\glassfish\jaxb\jaxb-core\4.0.4\jaxb-core-4.0.4.jar;C:\Users\User\.m2\repository\org\glassfish\jaxb\txw2\4.0.4\txw2-4.0.4.jar;C:\Users\User\.m2\repository\com\sun\istack\istack-commons-runtime\4.1.2\istack-commons-runtime-4.1.2.jar;C:\Us
Launcher Type: SUN_STANDARD

[Global flags]
     intx CICompilerCount                          = 3                                         {product} {ergonomic}
     uint ConcGCThreads                            = 1                                         {product} {ergonomic}
     uint G1ConcRefinementThreads                  = 4                                         {product} {ergonomic}
   size_t G1HeapRegionSize                         = 1048576                                   {product} {ergonomic}
    uintx GCDrainStackTargetSize                   = 64                                        {product} {ergonomic}
   size_t InitialHeapSize                          = 67108864                                  {product} {ergonomic}
     bool ManagementServer                         = true                                      {product} {command line}
   size_t MarkStackSize                            = 4194304                                   {product} {ergonomic}
   size_t MaxHeapSize                              = 1046478848                                {product} {ergonomic}
   size_t MaxNewSize                               = 627048448                                 {product} {ergonomic}
   size_t MinHeapDeltaBytes                        = 1048576                                   {product} {ergonomic}
   size_t MinHeapSize                              = 8388608                                   {product} {ergonomic}
    uintx NonProfiledCodeHeapSize                  = 0                                      {pd product} {ergonomic}
     bool ProfileInterpreter                       = false                                  {pd product} {command line}
    uintx ProfiledCodeHeapSize                     = 0                                      {pd product} {ergonomic}
     bool ShowCodeDetailsInExceptionMessages       = true                                   {manageable} {command line}
   size_t SoftMaxHeapSize                          = 1046478848                             {manageable} {ergonomic}
     intx TieredStopAtLevel                        = 1                                         {product} {command line}
     bool UseCompressedClassPointers               = true                           {product lp64_product} {ergonomic}
     bool UseCompressedOops                        = true                           {product lp64_product} {ergonomic}
     bool UseG1GC                                  = true                                      {product} {ergonomic}
     bool UseLargePagesIndividualAllocation        = false                                  {pd product} {ergonomic}

Logging:
Log output configuration:
 #0: stdout all=warning uptime,level,tags
 #1: stderr all=off uptime,level,tags

Environment Variables:
PATH=C:/Users/User/Downloads/sts-4.21.0.RELEASE//plugins/org.eclipse.justj.openjdk.hotspot.jre.full.win32.x86_64_17.0.9.v20231028-0858/jre/bin/server;C:/Users/User/Downloads/sts-4.21.0.RELEASE//plugins/org.eclipse.justj.openjdk.hotspot.jre.full.win32.x86_64_17.0.9.v20231028-0858/jre/bin;C:\Program Files\Common Files\Oracle\Java\javapath;C:\Windows\system32;C:\Windows;C:\Windows\System32\Wbem;C:\Windows\System32\WindowsPowerShell\v1.0\;C:\Windows\System32\OpenSSH\;C:\Program Files (x86)\ATI Technologies\ATI.ACE\Core-Static;C:\Program Files\Git\cmd;C:\Program Files\MySQL\MySQL Server 8.0\bin;C:\Program Files\nodejs\;C:\Program Files\MySQL\MySQL Shell 8.0\bin\;C:\Users\User\AppData\Local\Microsoft\WindowsApps;;C:\Users\User\AppData\Local\Programs\Microsoft VS Code\bin;C:\Users\User\AppData\Roaming\npm;C:\Users\User\Downloads\sts-4.21.0.RELEASE;
USERNAME=User
OS=Windows_NT
PROCESSOR_IDENTIFIER=Intel64 Family 6 Model 58 Stepping 9, GenuineIntel
TMP=C:\Users\User\AppData\Local\Temp
TEMP=C:\Users\User\AppData\Local\Temp



Periodic native trim disabled


---------------  S Y S T E M  ---------------

OS:
 Windows 10 , 64 bit Build 19041 (10.0.19041.3636)
OS uptime: 0 days 8:27 hours

CPU: total 4 (initial active 4) (2 cores per cpu, 2 threads per core) family 6 model 58 stepping 9 microcode 0x21, cx8, cmov, fxsr, ht, mmx, sse, sse2, sse3, ssse3, sse4.1, sse4.2, popcnt, tsc, tscinvbit, avx, aes, erms, clmul, vzeroupper, clflush
Processor Information for all 4 processors :
  Max Mhz: 2601, Current Mhz: 1200, Mhz Limit: 2601

Memory: 4k page, system-wide physical 3988M (332M free)
TotalPageFile size 16276M (AvailPageFile size 6M)
current process WorkingSet (physical memory assigned to process): 218M, peak: 280M
current process commit charge ("private bytes"): 410M, peak: 710M

vm_info: OpenJDK 64-Bit Server VM (17.0.9+9) for windows-amd64 JRE (17.0.9+9), built on Oct 26 2023 14:01:42 by "admin" with MS VC++ 16.10 / 16.11 (VS2019)

END.
